{"numFailedTestSuites":2,"numFailedTests":2,"numPassedTestSuites":13,"numPassedTests":60,"numPendingTestSuites":0,"numPendingTests":0,"numRuntimeErrorTestSuites":0,"numTodoTests":0,"numTotalTestSuites":15,"numTotalTests":62,"openHandles":[],"snapshot":{"added":0,"didUpdate":false,"failure":false,"filesAdded":0,"filesRemoved":0,"filesRemovedList":[],"filesUnmatched":0,"filesUpdated":0,"matched":0,"total":0,"unchecked":0,"uncheckedKeysByFile":[],"unmatched":0,"updated":0},"startTime":1762611903979,"success":false,"testResults":[{"assertionResults":[{"ancestorTitles":["BiatecClammPool - Staking Pools"],"duration":5280,"failureDetails":[],"failureMessages":[],"fullName":"BiatecClammPool - Staking Pools Native Token Pool: Create B-ALGO pool (asset A = asset B = 0)","invocations":1,"location":null,"numPassingAsserts":24,"retryReasons":[],"status":"passed","title":"Native Token Pool: Create B-ALGO pool (asset A = asset B = 0)"},{"ancestorTitles":["BiatecClammPool - Staking Pools"],"duration":4931,"failureDetails":[{}],"failureMessages":["Error: \u001b[2mexpect(\u001b[22m\u001b[31mreceived\u001b[39m\u001b[2m).\u001b[22mtoBe\u001b[2m(\u001b[22m\u001b[32mexpected\u001b[39m\u001b[2m) // Object.is equality\u001b[22m\n\nExpected: \u001b[32m\"bA\u001b[7mlgo\u001b[27m\"\u001b[39m\nReceived: \u001b[31m\"bA\u001b[7mLGO\u001b[27m\"\u001b[39m\n    at Object.<anonymous> (C:\\Users\\ludko\\source\\repos\\scholtz\\BiatecCLAMM\\projects\\BiatecCLAMM\\__test__\\pool\\staking.test.ts:77:13)\n    at processTicksAndRejections (node:internal/process/task_queues:105:5)"],"fullName":"BiatecClammPool - Staking Pools Native Token Pool respects custom native token name casing","invocations":1,"location":null,"numPassingAsserts":20,"retryReasons":[],"status":"failed","title":"Native Token Pool respects custom native token name casing"},{"ancestorTitles":["BiatecClammPool - Staking Pools"],"duration":5111,"failureDetails":[],"failureMessages":[],"fullName":"BiatecClammPool - Staking Pools Asset Pool: Create B-TOKEN pool (asset A = asset B, both non-zero)","invocations":1,"location":null,"numPassingAsserts":24,"retryReasons":[],"status":"passed","title":"Asset Pool: Create B-TOKEN pool (asset A = asset B, both non-zero)"},{"ancestorTitles":["BiatecClammPool - Staking Pools"],"duration":4696,"failureDetails":[],"failureMessages":[],"fullName":"BiatecClammPool - Staking Pools Asset Pool: rejects mismatched price range for identical assets","invocations":1,"location":null,"numPassingAsserts":17,"retryReasons":[],"status":"passed","title":"Asset Pool: rejects mismatched price range for identical assets"},{"ancestorTitles":["BiatecClammPool - Staking Pools"],"duration":5600,"failureDetails":[],"failureMessages":[],"fullName":"BiatecClammPool - Staking Pools Staking Rewards: Distribute excess ALGO to B-ALGO pool LPs","invocations":1,"location":null,"numPassingAsserts":26,"retryReasons":[],"status":"passed","title":"Staking Rewards: Distribute excess ALGO to B-ALGO pool LPs"}],"endTime":1762611933148,"message":"\u001b[1m\u001b[31m  \u001b[1m● \u001b[22m\u001b[1mBiatecClammPool - Staking Pools › Native Token Pool respects custom native token name casing\u001b[39m\u001b[22m\n\n    \u001b[2mexpect(\u001b[22m\u001b[31mreceived\u001b[39m\u001b[2m).\u001b[22mtoBe\u001b[2m(\u001b[22m\u001b[32mexpected\u001b[39m\u001b[2m) // Object.is equality\u001b[22m\n\n    Expected: \u001b[32m\"bA\u001b[7mlgo\u001b[27m\"\u001b[39m\n    Received: \u001b[31m\"bA\u001b[7mLGO\u001b[27m\"\u001b[39m\n\u001b[2m\u001b[22m\n\u001b[2m    \u001b[0m \u001b[90m 75 |\u001b[39m       \u001b[90m// eslint-disable-next-line no-console\u001b[39m\u001b[22m\n\u001b[2m     \u001b[90m 76 |\u001b[39m       console\u001b[33m.\u001b[39merror(e)\u001b[33m;\u001b[39m\u001b[22m\n\u001b[2m    \u001b[31m\u001b[1m>\u001b[22m\u001b[2m\u001b[39m\u001b[90m 77 |\u001b[39m       \u001b[36mthrow\u001b[39m \u001b[33mError\u001b[39m(e\u001b[33m.\u001b[39mmessage)\u001b[33m;\u001b[39m\u001b[22m\n\u001b[2m     \u001b[90m    |\u001b[39m             \u001b[31m\u001b[1m^\u001b[22m\u001b[2m\u001b[39m\u001b[22m\n\u001b[2m     \u001b[90m 78 |\u001b[39m     }\u001b[22m\n\u001b[2m     \u001b[90m 79 |\u001b[39m   })\u001b[33m;\u001b[39m\u001b[22m\n\u001b[2m     \u001b[90m 80 |\u001b[39m\u001b[0m\u001b[22m\n\u001b[2m\u001b[22m\n\u001b[2m      \u001b[2mat Object.<anonymous> (\u001b[22m\u001b[2m\u001b[0m\u001b[36m__test__/pool/staking.test.ts\u001b[39m\u001b[0m\u001b[2m:77:13)\u001b[22m\u001b[2m\u001b[22m\n","name":"C:\\Users\\ludko\\source\\repos\\scholtz\\BiatecCLAMM\\projects\\BiatecCLAMM\\__test__\\pool\\staking.test.ts","startTime":1762611904216,"status":"failed","summary":""},{"assertionResults":[{"ancestorTitles":["BiatecClammPool - doAppCall"],"duration":4747,"failureDetails":[{"lines":5,"teal_line":0,"led":{"txId":"EYB5UVT6FF7NA6V3OZ6CFWRJVLIQ45SNJL63RNZ66EAYXNNKUNAA","msg":"[]byte{} is not a uint64","desc":"Error resolving execution info via simulate in transaction 0: transaction EYB5UVT6FF7NA6V3OZ6CFWRJVLIQ45SNJL63RNZ66EAYXNNKUNAA: logic eval error: []byte{} is not a uint64. Details: app=27934, pc=6190, opcodes=itxn_field ApplicationArgs; frame_dig -3; itxn_field Applications","pc":6190,"traces":[{"trace":{},"appBudget":124,"message":"transaction EYB5UVT6FF7NA6V3OZ6CFWRJVLIQ45SNJL63RNZ66EAYXNNKUNAA: logic eval error: unavailable Account ALGONAUTSPIUHDCX3SLFXOFDUKOE4VY36XV4JX2JHQTWJNKVBKPEBQACRY. Details: app=27934, pc=6086, opcodes=load 255; extract 8 32; itxn_field Receiver"}]},"program":["#pragma version 10","intcblock 32 0 1 256 64 6 8 2 4 5 10 3 9 1_000_000 56","bytecblock 0x 0xFFFFFFFFFFFFFFFFFFFFFFFFFFFFFFFFFFFFFFFFFFFFFFFFFFFFFFFFFFFFFFFF 0x000000000000000000000000000000000000000000000000000000003b9aca00 0x0000000000000000000000000000000000000000000000000000000000000000 0x0a8101 0x6162 0x6262 0x151f7c75 0x4c 0xFFFFFFFFFFFFFFFF 0x4c75 0x6263 0x6164 0x6264 0x4c62 0x73 0x704d696e53 0x704d617853 0x7072696365 0x66 0x0000000000000000000000000000000000000000000000000000000000000002 0x62 0x6c70 0x6566 0x61 0x0000000000000000000000000000000000000000000000000000000000000001 0x704d6178 0x000000000000000000000000000000000000000000000000f9ccd8a1c5080000 0x0000000000000000000000000000000000000000000000000000000000000004 \"BIATEC-CLAMM-01-06-02\" 0x70 0x63 0x000000003b9aca00 0x7363616c65 0x7363766572 0x704d696e 0x00","","// This TEAL was generated by TEALScript v0.107.0","// https://github.com/algorandfoundation/TEALScript","","// This contract is compliant with and/or implements the following ARCs: [ ARC4 ]","","// The following ten lines of TEAL handle initial program flow","// This pattern is used to make it easy for anyone to parse the start of the program and determine if a specific action is allowed","// Here, action refers to the OnComplete in combination with whether the app is being created or called","// Every possible action for this contract is represented in the switch statement","// If the action is not implemented in the contract, its respective branch will be \"*NOT_IMPLEMENTED\" which just contains \"err\"","txn ApplicationID","!","intc 5 // 6","*","txn OnCompletion","+","switch *call_NoOp *NOT_IMPLEMENTED *NOT_IMPLEMENTED *NOT_IMPLEMENTED *call_UpdateApplication *NOT_IMPLEMENTED *create_NoOp *NOT_IMPLEMENTED *NOT_IMPLEMENTED *NOT_IMPLEMENTED *NOT_IMPLEMENTED *NOT_IMPLEMENTED","","*NOT_IMPLEMENTED:","\t// The requested action is not implemented in this contract. Are you using the correct OnComplete? Did you set your app ID?","\terr","","// createApplication()void","*abi_route_createApplication:","\t// execute createApplication()void","\tcallsub createApplication","\tintc 2 // 1","\treturn","","// createApplication(): void","//","// Initial setup","createApplication:","\tproto 0 0","","\t// contracts\\BiatecClammPool.algo.ts:126","\t// log(version)","\tbytec 29 // \"BIATEC-CLAMM-01-06-02\"","\tlog","","\t// contracts\\BiatecClammPool.algo.ts:127","\t// this.scale.value = SCALE","\tbytec 33 //  \"scale\"","\tpushint 1000000000","\tapp_global_put","","\t// contracts\\BiatecClammPool.algo.ts:128","\t// this.fee.value = <uint64>0","\tbytec 19 //  \"f\"","\tintc 1 // 0","\tapp_global_put","","\t// contracts\\BiatecClammPool.algo.ts:129","\t// this.Liquidity.value = <uint256>0","\tbytec 8 //  \"L\"","\tbytec 3 // 0x0000000000000000000000000000000000000000000000000000000000000000","\tapp_global_put","","\t// contracts\\BiatecClammPool.algo.ts:130","\t// this.LiquidityBiatecFromFees.value = <uint256>0","\tbytec 14 //  \"Lb\"","\tbytec 3 // 0x0000000000000000000000000000000000000000000000000000000000000000","\tapp_global_put","","\t// contracts\\BiatecClammPool.algo.ts:131","\t// this.LiquidityUsersFromFees.value = <uint256>0","\tbytec 10 //  \"Lu\"","\tbytec 3 // 0x0000000000000000000000000000000000000000000000000000000000000000","\tapp_global_put","","\t// contracts\\BiatecClammPool.algo.ts:132","\t// this.priceMax.value = 0","\tbytec 26 //  \"pMax\"","\tintc 1 // 0","\tapp_global_put","","\t// contracts\\BiatecClammPool.algo.ts:133","\t// this.version.value = version","\tbytec 34 //  \"scver\"","\tbytec 29 // \"BIATEC-CLAMM-01-06-02\"","\tapp_global_put","","\t// contracts\\BiatecClammPool.algo.ts:134","\t// this.setupFinished.value = false","\tbytec 15 //  \"s\"","\tintc 1 // 0","\tbytec 36 // 0x00","\tintc 1 // 0","\tuncover 2","\tsetbit","\tapp_global_put","\tretsub","","// updateApplication(uint64,byte[])void","*abi_route_updateApplication:","\t// newVersion: byte[]","\ttxna ApplicationArgs 2","\textract 2 0","","\t// appBiatecConfigProvider: uint64","\ttxna ApplicationArgs 1","\tbtoi","","\t// execute updateApplication(uint64,byte[])void","\tcallsub updateApplication","\tintc 2 // 1","\treturn","","// updateApplication(appBiatecConfigProvider: AppID, newVersion: bytes): void","//","// addressUdpater from global biatec configuration is allowed to update application","updateApplication:","\tproto 2 0","","\t// Push empty bytes after the frame pointer to reserve space for local variables","\tbytec 0 // 0x","","\t// contracts\\BiatecClammPool.algo.ts:141","\t// assert(appBiatecConfigProvider === this.appBiatecConfigProvider.value, 'E_CONFIG')","\tframe_dig -1 // appBiatecConfigProvider: AppID","\tbytec 11 //  \"bc\"","\tapp_global_get","\t==","","\t// E_CONFIG","\tassert","","\t// contracts\\BiatecClammPool.algo.ts:142","\t// addressUdpater = appBiatecConfigProvider.globalState('u') as Address","\tframe_dig -1 // appBiatecConfigProvider: AppID","\tpushbytes 0x75 // \"u\"","\tapp_global_get_ex","","\t// global state value does not exist: appBiatecConfigProvider.globalState('u')","\tassert","\tframe_bury 0 // addressUdpater: address","","\t// contracts\\BiatecClammPool.algo.ts:143","\t// assert(this.txn.sender === addressUdpater, 'E_UPDATER')","\ttxn Sender","\tframe_dig 0 // addressUdpater: address","\t==","","\t// E_UPDATER","\tassert","","\t// contracts\\BiatecClammPool.algo.ts:144","\t// log(version)","\tbytec 29 // \"BIATEC-CLAMM-01-06-02\"","\tlog","","\t// contracts\\BiatecClammPool.algo.ts:145","\t// log(newVersion)","\tframe_dig -2 // newVersion: bytes","\tlog","","\t// contracts\\BiatecClammPool.algo.ts:146","\t// this.version.value = newVersion","\tbytec 34 //  \"scver\"","\tframe_dig -2 // newVersion: bytes","\tapp_global_put","\tretsub","","// getCurrentPrice()uint64","*abi_route_getCurrentPrice:","\t// The ABI return prefix","\tbytec 7 // 0x151f7c75","","\t// execute getCurrentPrice()uint64","\tcallsub getCurrentPrice","\titob","\tconcat","\tlog","\tintc 2 // 1","\treturn","","// getCurrentPrice(): uint64","getCurrentPrice:","\tproto 0 1","","\t// contracts\\BiatecClammPool.algo.ts:151","\t// return this.currentPrice.value;","\tbytec 18 //  \"price\"","\tapp_global_get","\tretsub","","// getPriceDivider()uint64","*abi_route_getPriceDivider:","\t// The ABI return prefix","\tbytec 7 // 0x151f7c75","","\t// execute getPriceDivider()uint64","\tcallsub getPriceDivider","\titob","\tconcat","\tlog","\tintc 2 // 1","\treturn","","// getPriceDivider(): uint64","getPriceDivider:","\tproto 0 1","","\t// contracts\\BiatecClammPool.algo.ts:156","\t// return this.scale.value;","\tbytec 33 //  \"scale\"","\tapp_global_get","\tretsub","","// getLPTokenId()uint64","*abi_route_getLPTokenId:","\t// The ABI return prefix","\tbytec 7 // 0x151f7c75","","\t// execute getLPTokenId()uint64","\tcallsub getLPTokenId","\titob","\tconcat","\tlog","\tintc 2 // 1","\treturn","","// getLPTokenId(): uint64","getLPTokenId:","\tproto 0 1","","\t// contracts\\BiatecClammPool.algo.ts:161","\t// return this.assetLp.value;","\tbytec 22 //  \"lp\"","\tapp_global_get","\tretsub","","// bootstrap(uint64,uint64,uint64,uint64,pay,uint64,uint64,uint64,uint64,uint64)uint64","*abi_route_bootstrap:","\t// The ABI return prefix","\tbytec 7 // 0x151f7c75","","\t// verificationClass: uint64","\ttxna ApplicationArgs 9","\tbtoi","","\t// currentPrice: uint64","\ttxna ApplicationArgs 8","\tbtoi","","\t// priceMax: uint64","\ttxna ApplicationArgs 7","\tbtoi","","\t// priceMin: uint64","\ttxna ApplicationArgs 6","\tbtoi","","\t// fee: uint64","\ttxna ApplicationArgs 5","\tbtoi","","\t// txSeed: pay","\ttxn GroupIndex","\tintc 2 // 1","\t-","\tdup","\tgtxns TypeEnum","\tintc 2 //  pay","\t==","","\t// argument 5 (txSeed) for bootstrap must be a pay transaction","\tassert","","\t// appBiatecPoolProvider: uint64","\ttxna ApplicationArgs 4","\tbtoi","","\t// appBiatecConfigProvider: uint64","\ttxna ApplicationArgs 3","\tbtoi","","\t// assetB: uint64","\ttxna ApplicationArgs 2","\tbtoi","","\t// assetA: uint64","\ttxna ApplicationArgs 1","\tbtoi","","\t// execute bootstrap(uint64,uint64,uint64,uint64,pay,uint64,uint64,uint64,uint64,uint64)uint64","\tcallsub bootstrap","\titob","\tconcat","\tlog","\tintc 2 // 1","\treturn","","// bootstrap(assetA: AssetID, assetB: AssetID, appBiatecConfigProvider: AppID, appBiatecPoolProvider: AppID, txSeed: PayTxn, fee: uint64, priceMin: uint64, priceMax: uint64, currentPrice: uint64, verificationClass: uint64): uint64","//","// Only Biatec Pool Provider can deploy and bootsrap this smart contract","// @param assetA Asset A ID must be lower then Asset B ID, or can be equal to Asset B ID for staking pools","// @param assetB Asset B","// @param appBiatecConfigProvider Biatec amm provider","// @param appBiatecPoolProvider Pool provider","// @param txSeed Seed transaction so that smart contract can opt in to the assets","// @param fee Fee in base level (9 decimals). value 1_000_000_000 = 1 = 100%. 10_000_000 = 1%. 1_000_000 = 0.1%","// @param priceMin Min price range. At this point all assets are in asset A.","// @param priceMax Max price range. At this point all assets are in asset B.","// @param currentPrice Deployer can specify the current price for easier deployemnt.","// @param verificationClass Minimum verification level from the biatec identity. Level 0 means no kyc.","// @returns LP token ID","bootstrap:","\tproto 10 1","","\t// Push empty bytes after the frame pointer to reserve space for local variables","\tbytec 0 // 0x","\tdupn 6","","\t// contracts\\BiatecClammPool.algo.ts:190","\t// assert(globals.callerApplicationID == appBiatecPoolProvider, 'Only the pool provider can init this contract')","\tglobal CallerApplicationID","\tframe_dig -4 // appBiatecPoolProvider: AppID","\t==","","\t// Only the pool provider can init this contract","\tassert","","\t// contracts\\BiatecClammPool.algo.ts:191","\t// verifyPayTxn(txSeed, { receiver: this.app.address, amount: { greaterThanEqualTo: 400_000 } })","\t// verify receiver","\tframe_dig -5 // txSeed: PayTxn","\tgtxns Receiver","\tglobal CurrentApplicationAddress","\t==","","\t// transaction verification failed: {\"txn\":\"txSeed\",\"field\":\"receiver\",\"expected\":\"this.app.address\"}","\tassert","","\t// verify amount","\tframe_dig -5 // txSeed: PayTxn","\tgtxns Amount","\tpushint 400_000","\t>=","","\t// transaction verification failed: {\"txn\":\"txSeed\",\"field\":\"amount\",\"condition\":\"greaterThanEqualTo\",\"expected\":\">=400_000\"}","\tassert","","\t// contracts\\BiatecClammPool.algo.ts:192","\t// assert(this.priceMax.value === 0, 'E_PRICE_MAX')","\tbytec 26 //  \"pMax\"","\tapp_global_get","\tintc 1 // 0","\t==","","\t// E_PRICE_MAX","\tassert","","\t// contracts\\BiatecClammPool.algo.ts:193","\t// assert(this.txn.sender === this.app.creator, 'E_SENDER')","\ttxn Sender","\ttxna Applications 0","\tapp_params_get AppCreator","\tpop","\t==","","\t// E_SENDER","\tassert","","\t// contracts\\BiatecClammPool.algo.ts:194","\t// assert(priceMax > 0, 'E_PRICE')","\tframe_dig -8 // priceMax: uint64","\tintc 1 // 0","\t>","","\t// E_PRICE","\tassert","","\t// contracts\\BiatecClammPool.algo.ts:196","\t// isSameAssetPool = assetA.id === assetB.id","\tframe_dig -1 // assetA: AssetID","\tframe_dig -2 // assetB: AssetID","\t==","\tframe_bury 0 // isSameAssetPool: bool","","\t// *if0_condition","\t// contracts\\BiatecClammPool.algo.ts:197","\t// isSameAssetPool","\tframe_dig 0 // isSameAssetPool: bool","\tbz *if0_else","","\t// *if0_consequent","\t// contracts\\BiatecClammPool.algo.ts:199","\t// assert(priceMin === priceMax, 'E_STAKING_PRICE')","\tframe_dig -7 // priceMin: uint64","\tframe_dig -8 // priceMax: uint64","\t==","","\t// E_STAKING_PRICE","\tassert","\tb *if0_end","","*if0_else:","\t// *if1_condition","\t// contracts\\BiatecClammPool.algo.ts:202","\t// assetA.id > 0 && assetB.id > 0","\tframe_dig -1 // assetA: AssetID","\tintc 1 // 0","\t>","\tdup","\tbz *skip_and0","\tframe_dig -2 // assetB: AssetID","\tintc 1 // 0","\t>","\t&&","","*skip_and0:","\tbz *if1_end","","\t// *if1_consequent","\t// contracts\\BiatecClammPool.algo.ts:203","\t// assert(assetA.id < assetB.id, 'E_ASSET_ORDER')","\tframe_dig -1 // assetA: AssetID","\tframe_dig -2 // assetB: AssetID","\t<","","\t// E_ASSET_ORDER","\tassert","","*if1_end:","\t// contracts\\BiatecClammPool.algo.ts:205","\t// assert(priceMin <= priceMax, 'E_PRICE_RANGE')","\tframe_dig -7 // priceMin: uint64","\tframe_dig -8 // priceMax: uint64","\t<=","","\t// E_PRICE_RANGE","\tassert","","*if0_end:","\t// contracts\\BiatecClammPool.algo.ts:207","\t// assert(fee <= SCALE / 10)","\tframe_dig -6 // fee: uint64","\tpushint 100000000","\t<=","\tassert","","\t// contracts\\BiatecClammPool.algo.ts:209","\t// assert(!this.currentPrice.exists)","\ttxna Applications 0","\tbytec 18 //  \"price\"","\tapp_global_get_ex","\tswap","\tpop","\t!","\tassert","","\t// *if2_condition","\t// contracts\\BiatecClammPool.algo.ts:210","\t// assetA.id > 0","\tframe_dig -1 // assetA: AssetID","\tintc 1 // 0","\t>","\tbz *if2_end","","\t// *if2_consequent","\t// contracts\\BiatecClammPool.algo.ts:211","\t// assert(assetA.decimals <= SCALE_DECIMALS)","\tframe_dig -1 // assetA: AssetID","\tasset_params_get AssetDecimals","\tpop","\tintc 12 // 9","\t<=","\tassert","","*if2_end:","\t// *if3_condition","\t// contracts\\BiatecClammPool.algo.ts:213","\t// assetB.id > 0","\tframe_dig -2 // assetB: AssetID","\tintc 1 // 0","\t>","\tbz *if3_end","","\t// *if3_consequent","\t// contracts\\BiatecClammPool.algo.ts:214","\t// assert(assetB.decimals <= SCALE_DECIMALS)","\tframe_dig -2 // assetB: AssetID","\tasset_params_get AssetDecimals","\tpop","\tintc 12 // 9","\t<=","\tassert","","*if3_end:","\t// contracts\\BiatecClammPool.algo.ts:217","\t// assert(this.fee.value <= 0, 'E_FEE')","\tbytec 19 //  \"f\"","\tapp_global_get","\tintc 1 // 0","\t<=","","\t// E_FEE","\tassert","","\t// contracts\\BiatecClammPool.algo.ts:219","\t// poolProviderFromConfig = appBiatecConfigProvider.globalState('p') as AppID","\tframe_dig -3 // appBiatecConfigProvider: AppID","\tbytec 30 //  \"p\"","\tapp_global_get_ex","","\t// global state value does not exist: appBiatecConfigProvider.globalState('p')","\tassert","\tframe_bury 1 // poolProviderFromConfig: uint64","","\t// contracts\\BiatecClammPool.algo.ts:220","\t// assert(","\t//       appBiatecPoolProvider === poolProviderFromConfig,","\t//       'E_CONFIG' // 'appBiatecPoolProvider must match to the config in appBiatecConfigProvider'","\t//     )","\tframe_dig -4 // appBiatecPoolProvider: AppID","\tframe_dig 1 // poolProviderFromConfig: uint64","\t==","","\t// E_CONFIG","\tassert","","\t// contracts\\BiatecClammPool.algo.ts:224","\t// paused = appBiatecConfigProvider.globalState('s') as uint64","\tframe_dig -3 // appBiatecConfigProvider: AppID","\tbytec 15 //  \"s\"","\tapp_global_get_ex","","\t// global state value does not exist: appBiatecConfigProvider.globalState('s')","\tassert","\tframe_bury 2 // paused: uint64","","\t// contracts\\BiatecClammPool.algo.ts:225","\t// assert(paused === 0, 'E_PAUSED')","\tframe_dig 2 // paused: uint64","\tintc 1 // 0","\t==","","\t// E_PAUSED","\tassert","","\t// contracts\\BiatecClammPool.algo.ts:227","\t// this.appBiatecConfigProvider.value = appBiatecConfigProvider","\tbytec 11 //  \"bc\"","\tframe_dig -3 // appBiatecConfigProvider: AppID","\tapp_global_put","","\t// contracts\\BiatecClammPool.algo.ts:229","\t// this.priceMin.value = priceMin","\tbytec 35 //  \"pMin\"","\tframe_dig -7 // priceMin: uint64","\tapp_global_put","","\t// contracts\\BiatecClammPool.algo.ts:230","\t// this.priceMax.value = priceMax","\tbytec 26 //  \"pMax\"","\tframe_dig -8 // priceMax: uint64","\tapp_global_put","","\t// contracts\\BiatecClammPool.algo.ts:231","\t// this.priceMinSqrt.value = sqrt((priceMin as uint256) * s)","\tbytec 16 //  \"pMinS\"","\tframe_dig -7 // priceMin: uint64","\titob","\tbytec 2 // 0x000000000000000000000000000000000000000000000000000000003b9aca00","\tb*","\tbsqrt","\tdup","\tbitlen","\tintc 3 // 256","\t<=","","\t// sqrt((priceMin as uint256) * s) overflowed 256 bits","\tassert","\tbytec 1 // 0xFFFFFFFFFFFFFFFFFFFFFFFFFFFFFFFFFFFFFFFFFFFFFFFFFFFFFFFFFFFFFFFF","\tb&","\tdup","\tlen","\tdup","\tintc 0 // 32","\t-","\tswap","\tsubstring3","\tapp_global_put","","\t// contracts\\BiatecClammPool.algo.ts:232","\t// this.priceMaxSqrt.value = sqrt((priceMax as uint256) * s)","\tbytec 17 //  \"pMaxS\"","\tframe_dig -8 // priceMax: uint64","\titob","\tbytec 2 // 0x000000000000000000000000000000000000000000000000000000003b9aca00","\tb*","\tbsqrt","\tdup","\tbitlen","\tintc 3 // 256","\t<=","","\t// sqrt((priceMax as uint256) * s) overflowed 256 bits","\tassert","\tbytec 1 // 0xFFFFFFFFFFFFFFFFFFFFFFFFFFFFFFFFFFFFFFFFFFFFFFFFFFFFFFFFFFFFFFFF","\tb&","\tdup","\tlen","\tdup","\tintc 0 // 32","\t-","\tswap","\tsubstring3","\tapp_global_put","","\t// contracts\\BiatecClammPool.algo.ts:233","\t// this.assetABalanceBaseScale.value = <uint256>0","\tbytec 5 //  \"ab\"","\tbytec 3 // 0x0000000000000000000000000000000000000000000000000000000000000000","\tapp_global_put","","\t// contracts\\BiatecClammPool.algo.ts:234","\t// this.assetBBalanceBaseScale.value = <uint256>0","\tbytec 6 //  \"bb\"","\tbytec 3 // 0x0000000000000000000000000000000000000000000000000000000000000000","\tapp_global_put","","\t// contracts\\BiatecClammPool.algo.ts:235","\t// this.currentPrice.value = currentPrice","\tbytec 18 //  \"price\"","\tframe_dig -9 // currentPrice: uint64","\tapp_global_put","","\t// contracts\\BiatecClammPool.algo.ts:237","\t// this.assetA.value = assetA.id","\tbytec 24 //  \"a\"","\tframe_dig -1 // assetA: AssetID","\tapp_global_put","","\t// contracts\\BiatecClammPool.algo.ts:238","\t// this.assetB.value = assetB.id","\tbytec 21 //  \"b\"","\tframe_dig -2 // assetB: AssetID","\tapp_global_put","","\t// contracts\\BiatecClammPool.algo.ts:247","\t// this.assetLp.value = this.doCreatePoolToken(assetA, assetB, nativeTokenNameBytes).id","\tbytec 22 //  \"lp\"","\tpushbytes \"ALGO\"","\tframe_dig -2 // assetB: AssetID","\tframe_dig -1 // assetA: AssetID","\tcallsub doCreatePoolToken","\tapp_global_put","","\t// contracts\\BiatecClammPool.algo.ts:248","\t// this.fee.value = fee","\tbytec 19 //  \"f\"","\tframe_dig -6 // fee: uint64","\tapp_global_put","","\t// contracts\\BiatecClammPool.algo.ts:249","\t// this.doOptIn(assetA)","\tframe_dig -1 // assetA: AssetID","\tcallsub doOptIn","","\t// *if4_condition","\t// contracts\\BiatecClammPool.algo.ts:250","\t// assetA.id !== assetB.id","\tframe_dig -1 // assetA: AssetID","\tframe_dig -2 // assetB: AssetID","\t!=","\tbz *if4_end","","\t// *if4_consequent","\t// contracts\\BiatecClammPool.algo.ts:251","\t// this.doOptIn(assetB)","\tframe_dig -2 // assetB: AssetID","\tcallsub doOptIn","","*if4_end:","\t// contracts\\BiatecClammPool.algo.ts:253","\t// this.verificationClass.value = verificationClass","\tbytec 31 //  \"c\"","\tframe_dig -10 // verificationClass: uint64","\tapp_global_put","","\t// contracts\\BiatecClammPool.algo.ts:255","\t// assetADecimals = 6","\tintc 5 // 6","\tframe_bury 3 // assetADecimals: uint64","","\t// *if5_condition","\t// contracts\\BiatecClammPool.algo.ts:256","\t// assetA.id > 0","\tframe_dig -1 // assetA: AssetID","\tintc 1 // 0","\t>","\tbz *if5_end","","\t// *if5_consequent","\t// contracts\\BiatecClammPool.algo.ts:256","\t// assetADecimals = assetA.decimals","\tframe_dig -1 // assetA: AssetID","\tasset_params_get AssetDecimals","\tpop","\tframe_bury 3 // assetADecimals: uint64","","*if5_end:","\t// contracts\\BiatecClammPool.algo.ts:257","\t// assetBDecimals = 6","\tintc 5 // 6","\tframe_bury 4 // assetBDecimals: uint64","","\t// *if6_condition","\t// contracts\\BiatecClammPool.algo.ts:258","\t// assetB.id > 0","\tframe_dig -2 // assetB: AssetID","\tintc 1 // 0","\t>","\tbz *if6_end","","\t// *if6_consequent","\t// contracts\\BiatecClammPool.algo.ts:258","\t// assetBDecimals = assetB.decimals","\tframe_dig -2 // assetB: AssetID","\tasset_params_get AssetDecimals","\tpop","\tframe_bury 4 // assetBDecimals: uint64","","*if6_end:","\t// contracts\\BiatecClammPool.algo.ts:260","\t// assetADelicmalScale2Scale = (10 ** (SCALE_DECIMALS - assetADecimals)) as uint256","\tintc 10 // 10","\tintc 12 // 9","\tframe_dig 3 // assetADecimals: uint64","\t-","\texp","\titob","\tframe_bury 5 // assetADelicmalScale2Scale: unsafe uint256","","\t// contracts\\BiatecClammPool.algo.ts:262","\t// assetBDelicmalScale2Scale = (10 ** (SCALE_DECIMALS - assetBDecimals)) as uint256","\tintc 10 // 10","\tintc 12 // 9","\tframe_dig 4 // assetBDecimals: uint64","\t-","\texp","\titob","\tframe_bury 6 // assetBDelicmalScale2Scale: unsafe uint256","","\t// contracts\\BiatecClammPool.algo.ts:263","\t// this.assetADecimalsScaleFromBase.value = assetADelicmalScale2Scale","\tbytec 12 //  \"ad\"","\tframe_dig 5 // assetADelicmalScale2Scale: unsafe uint256","\tdup","\tbitlen","\tintc 3 // 256","\t<=","","\t// assetADelicmalScale2Scale overflowed 256 bits","\tassert","\tbytec 1 // 0xFFFFFFFFFFFFFFFFFFFFFFFFFFFFFFFFFFFFFFFFFFFFFFFFFFFFFFFFFFFFFFFF","\tb&","\tdup","\tlen","\tdup","\tintc 0 // 32","\t-","\tswap","\tsubstring3","\tapp_global_put","","\t// contracts\\BiatecClammPool.algo.ts:264","\t// this.assetBDecimalsScaleFromBase.value = assetBDelicmalScale2Scale","\tbytec 13 //  \"bd\"","\tframe_dig 6 // assetBDelicmalScale2Scale: unsafe uint256","\tdup","\tbitlen","\tintc 3 // 256","\t<=","","\t// assetBDelicmalScale2Scale overflowed 256 bits","\tassert","\tbytec 1 // 0xFFFFFFFFFFFFFFFFFFFFFFFFFFFFFFFFFFFFFFFFFFFFFFFFFFFFFFFFFFFFFFFF","\tb&","\tdup","\tlen","\tdup","\tintc 0 // 32","\t-","\tswap","\tsubstring3","\tapp_global_put","","\t// contracts\\BiatecClammPool.algo.ts:265","\t// return this.assetLp.value;","\tbytec 22 //  \"lp\"","\tapp_global_get","","\t// set the subroutine return value","\tframe_bury 0","","\t// pop all local variables from the stack","\tpopn 6","\tretsub","","// bootstrapStep2()void","*abi_route_bootstrapStep2:","\t// execute bootstrapStep2()void","\tcallsub bootstrapStep2","\tintc 2 // 1","\treturn","","// bootstrapStep2(): void","//","// When we know the app id of this pool, we can register it properly at the pool provider","bootstrapStep2:","\tproto 0 0","","\t// Push empty bytes after the frame pointer to reserve space for local variables","\tbytec 0 // 0x","\tdup","","\t// contracts\\BiatecClammPool.algo.ts:272","\t// assert(!this.setupFinished.value)","\tbytec 15 //  \"s\"","\tapp_global_get","\tintc 1 // 0","\tgetbit","\t!","\tassert","","\t// contracts\\BiatecClammPool.algo.ts:273","\t// appBiatecConfigProvider = this.appBiatecConfigProvider.value as AppID","\tbytec 11 //  \"bc\"","\tapp_global_get","\tframe_bury 0 // appBiatecConfigProvider: uint64","","\t// contracts\\BiatecClammPool.algo.ts:274","\t// appBiatecPoolProvider = appBiatecConfigProvider.globalState('p') as AppID","\tframe_dig 0 // appBiatecConfigProvider: uint64","\tbytec 30 //  \"p\"","\tapp_global_get_ex","","\t// global state value does not exist: appBiatecConfigProvider.globalState('p')","\tassert","\tframe_bury 1 // appBiatecPoolProvider: uint64","","\t// contracts\\BiatecClammPool.algo.ts:275","\t// sendMethodCall<[], void>({","\t//       name: 'registerPool',","\t//       methodArgs: [],","\t//       fee: 0,","\t//       applicationID: appBiatecPoolProvider,","\t//     })","\titxn_begin","\tintc 5 //  appl","\titxn_field TypeEnum","\tpushbytes 0x40540ee6 // method \"registerPool()void\"","\titxn_field ApplicationArgs","","\t// contracts\\BiatecClammPool.algo.ts:277","\t// methodArgs: []","\t// contracts\\BiatecClammPool.algo.ts:278","\t// fee: 0","\tintc 1 // 0","\titxn_field Fee","","\t// contracts\\BiatecClammPool.algo.ts:279","\t// applicationID: appBiatecPoolProvider","\tframe_dig 1 // appBiatecPoolProvider: uint64","\titxn_field ApplicationID","","\t// Submit inner transaction","\titxn_submit","","\t// contracts\\BiatecClammPool.algo.ts:281","\t// this.setupFinished.value = true","\tbytec 15 //  \"s\"","\tintc 2 // 1","\tbytec 36 // 0x00","\tintc 1 // 0","\tuncover 2","\tsetbit","\tapp_global_put","\tretsub","","// doAxfer(receiver: Address, asset: AssetID, amount: uint64): void","//","// Executes xfer of pay payment methods to specified receiver from smart contract aggregated account with specified asset and amount in tokens decimals","// @param receiver Receiver","// @param asset Asset. Zero for algo","// @param amount Amount to transfer","doAxfer:","\tproto 3 0","","\t// *if7_condition","\t// contracts\\BiatecClammPool.algo.ts:291","\t// asset.id === 0","\tframe_dig -2 // asset: AssetID","\tintc 1 // 0","\t==","\tbz *if7_else","","\t// *if7_consequent","\t// contracts\\BiatecClammPool.algo.ts:292","\t// sendPayment({","\t//         receiver: receiver,","\t//         amount: amount,","\t//         fee: 0,","\t//       })","\titxn_begin","\tintc 2 //  pay","\titxn_field TypeEnum","","\t// contracts\\BiatecClammPool.algo.ts:293","\t// receiver: receiver","\tframe_dig -1 // receiver: Address","\titxn_field Receiver","","\t// contracts\\BiatecClammPool.algo.ts:294","\t// amount: amount","\tframe_dig -3 // amount: uint64","\titxn_field Amount","","\t// contracts\\BiatecClammPool.algo.ts:295","\t// fee: 0","\tintc 1 // 0","\titxn_field Fee","","\t// Submit inner transaction","\titxn_submit","\tb *if7_end","","*if7_else:","\t// contracts\\BiatecClammPool.algo.ts:298","\t// sendAssetTransfer({","\t//         assetReceiver: receiver,","\t//         xferAsset: asset,","\t//         assetAmount: amount,","\t//         fee: 0,","\t//       })","\titxn_begin","\tintc 8 //  axfer","\titxn_field TypeEnum","","\t// contracts\\BiatecClammPool.algo.ts:299","\t// assetReceiver: receiver","\tframe_dig -1 // receiver: Address","\titxn_field AssetReceiver","","\t// contracts\\BiatecClammPool.algo.ts:300","\t// xferAsset: asset","\tframe_dig -2 // asset: AssetID","\titxn_field XferAsset","","\t// contracts\\BiatecClammPool.algo.ts:301","\t// assetAmount: amount","\tframe_dig -3 // amount: uint64","\titxn_field AssetAmount","","\t// contracts\\BiatecClammPool.algo.ts:302","\t// fee: 0","\tintc 1 // 0","\titxn_field Fee","","\t// Submit inner transaction","\titxn_submit","","*if7_end:","\tretsub","","// doOptIn(asset: AssetID): void","//","// Performs opt in to the asset. If native token is provided (0) it does not perform any action","// @param asset Asset to opt in to","doOptIn:","\tproto 1 0","","\t// *if8_condition","\t// contracts\\BiatecClammPool.algo.ts:312","\t// asset.id > 0","\tframe_dig -1 // asset: AssetID","\tintc 1 // 0","\t>","\tbz *if8_end","","\t// *if8_consequent","\t// contracts\\BiatecClammPool.algo.ts:314","\t// this.doAxfer(this.app.address, asset, 0)","\tintc 1 // 0","\tframe_dig -1 // asset: AssetID","\tglobal CurrentApplicationAddress","\tcallsub doAxfer","","*if8_end:","\tretsub","","// doCreatePoolToken(assetA: AssetID, assetB: AssetID, nativeTokenName: bytes): AssetID","//","// Creates LP token","// @param assetA Asset A","// @param assetB Asset B","// @returns id of the token","doCreatePoolToken:","\tproto 3 1","","\t// Push empty bytes after the frame pointer to reserve space for local variables","\tbytec 0 // 0x","\tdupn 6","","\t// contracts\\BiatecClammPool.algo.ts:325","\t// defaultNativeTokenName = nativeTokenName","\tframe_dig -3 // nativeTokenName: bytes","\tframe_bury 0 // defaultNativeTokenName: byte[]","","\t// *if9_condition","\t// contracts\\BiatecClammPool.algo.ts:326","\t// defaultNativeTokenName.length === 0","\tframe_dig 0 // defaultNativeTokenName: byte[]","\tlen","\tintc 1 // 0","\t==","\tbz *if9_end","","\t// *if9_consequent","\t// contracts\\BiatecClammPool.algo.ts:327","\t// defaultNativeTokenName = 'ALGO'","\tpushbytes 0x414c474f // \"ALGO\"","\tframe_bury 0 // defaultNativeTokenName: byte[]","","*if9_end:","\t// contracts\\BiatecClammPool.algo.ts:330","\t// nameAssetABytes = assetA.id > 0 ? assetA.unitName : defaultNativeTokenName","\tframe_dig -1 // assetA: AssetID","\tintc 1 // 0","\t>","\tbz *ternary0_false","\tframe_dig -1 // assetA: AssetID","\tasset_params_get AssetUnitName","\tpop","\tb *ternary0_end","","*ternary0_false:","\tframe_dig 0 // defaultNativeTokenName: byte[]","","*ternary0_end:","\tframe_bury 1 // nameAssetABytes: byte[]","","\t// contracts\\BiatecClammPool.algo.ts:331","\t// nameAssetBBytes = assetB.id > 0 ? assetB.unitName : defaultNativeTokenName","\tframe_dig -2 // assetB: AssetID","\tintc 1 // 0","\t>","\tbz *ternary1_false","\tframe_dig -2 // assetB: AssetID","\tasset_params_get AssetUnitName","\tpop","\tb *ternary1_end","","*ternary1_false:","\tframe_dig 0 // defaultNativeTokenName: byte[]","","*ternary1_end:","\tframe_bury 2 // nameAssetBBytes: byte[]","","\t// contracts\\BiatecClammPool.algo.ts:333","\t// nameBytes: bytes = ''","\tbytec 0 //  \"\"","\tframe_bury 3 // nameBytes: bytes","","\t// contracts\\BiatecClammPool.algo.ts:334","\t// unitNameBytes: bytes = 'BLP'","\tpushbytes 0x424c50 // \"BLP\"","\tframe_bury 4 // unitNameBytes: bytes","","\t// contracts\\BiatecClammPool.algo.ts:336","\t// isNativeStakingPool = assetA.id == 0 && assetB.id == 0","\tframe_dig -1 // assetA: AssetID","\tintc 1 // 0","\t==","\tdup","\tbz *skip_and1","\tframe_dig -2 // assetB: AssetID","\tintc 1 // 0","\t==","\t&&","","*skip_and1:","\tframe_bury 5 // isNativeStakingPool: bool","","\t// contracts\\BiatecClammPool.algo.ts:337","\t// isSameAssetPool = assetA.id == assetB.id","\tframe_dig -1 // assetA: AssetID","\tframe_dig -2 // assetB: AssetID","\t==","\tframe_bury 6 // isSameAssetPool: bool","","\t// *if10_condition","\t// contracts\\BiatecClammPool.algo.ts:339","\t// isNativeStakingPool","\tframe_dig 5 // isNativeStakingPool: bool","\tbz *if10_elseif1_condition","","\t// *if10_consequent","\t// contracts\\BiatecClammPool.algo.ts:340","\t// nameBytes = 'b' + defaultNativeTokenName","\tbytec 21 //  \"b\"","\tframe_dig 0 // defaultNativeTokenName: byte[]","\tconcat","\tframe_bury 3 // nameBytes: bytes","","\t// contracts\\BiatecClammPool.algo.ts:341","\t// unitNameBytes = defaultNativeTokenName","\tframe_dig 0 // defaultNativeTokenName: byte[]","\tframe_bury 4 // unitNameBytes: bytes","\tb *if10_end","","*if10_elseif1_condition:","\t// contracts\\BiatecClammPool.algo.ts:342","\t// isSameAssetPool","\tframe_dig 6 // isSameAssetPool: bool","\tbz *if10_else","","\t// *if10_elseif1_consequent","\t// contracts\\BiatecClammPool.algo.ts:344","\t// nameBytes = 'b' + nameAssetABytes","\tbytec 21 //  \"b\"","\tframe_dig 1 // nameAssetABytes: byte[]","\tconcat","\tframe_bury 3 // nameBytes: bytes","","\t// contracts\\BiatecClammPool.algo.ts:345","\t// unitNameBytes = assetA.id > 0 ? assetA.unitName : defaultNativeTokenName","\tframe_dig -1 // assetA: AssetID","\tintc 1 // 0","\t>","\tbz *ternary2_false","\tframe_dig -1 // assetA: AssetID","\tasset_params_get AssetUnitName","\tpop","\tb *ternary2_end","","*ternary2_false:","\tframe_dig 0 // defaultNativeTokenName: byte[]","","*ternary2_end:","\tframe_bury 4 // unitNameBytes: bytes","\tb *if10_end","","*if10_else:","\t// contracts\\BiatecClammPool.algo.ts:348","\t// nameBytes = 'B-' + nameAssetABytes + '-' + nameAssetBBytes","\tpushbytes 0x422d // \"B-\"","\tframe_dig 1 // nameAssetABytes: byte[]","\tconcat","\tpushbytes 0x2d // \"-\"","\tconcat","\tframe_dig 2 // nameAssetBBytes: byte[]","\tconcat","\tframe_bury 3 // nameBytes: bytes","","*if10_end:","\t// contracts\\BiatecClammPool.algo.ts:351","\t// return sendAssetCreation({","\t//       configAssetName: nameBytes,","\t//       configAssetUnitName: unitNameBytes,","\t//       // eslint-disable-next-line no-loss-of-precision","\t//       configAssetTotal: Uint<64>(TOTAL_SUPPLY),","\t//       configAssetDecimals: LP_TOKEN_DECIMALS,","\t//       configAssetManager: this.app.address,","\t//       configAssetReserve: this.app.address,","\t//     });","\titxn_begin","\tintc 11 //  acfg","\titxn_field TypeEnum","","\t// contracts\\BiatecClammPool.algo.ts:352","\t// configAssetName: nameBytes","\tframe_dig 3 // nameBytes: bytes","\titxn_field ConfigAssetName","","\t// contracts\\BiatecClammPool.algo.ts:353","\t// configAssetUnitName: unitNameBytes","\tframe_dig 4 // unitNameBytes: bytes","\titxn_field ConfigAssetUnitName","","\t// contracts\\BiatecClammPool.algo.ts:355","\t// configAssetTotal: Uint<64>(TOTAL_SUPPLY)","\tpushint 18000000000000000000","\titxn_field ConfigAssetTotal","","\t// contracts\\BiatecClammPool.algo.ts:356","\t// configAssetDecimals: LP_TOKEN_DECIMALS","\tintc 5 // 6","\titxn_field ConfigAssetDecimals","","\t// contracts\\BiatecClammPool.algo.ts:357","\t// configAssetManager: this.app.address","\tglobal CurrentApplicationAddress","\titxn_field ConfigAssetManager","","\t// contracts\\BiatecClammPool.algo.ts:358","\t// configAssetReserve: this.app.address","\tglobal CurrentApplicationAddress","\titxn_field ConfigAssetReserve","","\t// Fee field not set, defaulting to 0","\tintc 1 // 0","\titxn_field Fee","","\t// Submit inner transaction","\titxn_submit","\titxn CreatedAssetID","","\t// set the subroutine return value","\tframe_bury 0","","\t// pop all local variables from the stack","\tpopn 6","\tretsub","","// checkAssetsAB(assetA: AssetID, assetB: AssetID): void","checkAssetsAB:","\tproto 2 0","","\t// contracts\\BiatecClammPool.algo.ts:363","\t// assert(assetA.id === this.assetA.value, 'assetA does not match')","\tframe_dig -1 // assetA: AssetID","\tbytec 24 //  \"a\"","\tapp_global_get","\t==","","\t// assetA does not match","\tassert","","\t// contracts\\BiatecClammPool.algo.ts:364","\t// assert(assetB.id === this.assetB.value, 'assetB does not match')","\tframe_dig -2 // assetB: AssetID","\tbytec 21 //  \"b\"","\tapp_global_get","\t==","","\t// assetB does not match","\tassert","\tretsub","","// checkAssets(assetA: AssetID, assetB: AssetID, assetLp: AssetID): void","checkAssets:","\tproto 3 0","","\t// contracts\\BiatecClammPool.algo.ts:368","\t// this.checkAssetsAB(assetA, assetB)","\tframe_dig -2 // assetB: AssetID","\tframe_dig -1 // assetA: AssetID","\tcallsub checkAssetsAB","","\t// contracts\\BiatecClammPool.algo.ts:369","\t// assert(assetLp.id === this.assetLp.value, 'assetLp does not match')","\tframe_dig -3 // assetLp: AssetID","\tbytec 22 //  \"lp\"","\tapp_global_get","\t==","","\t// assetLp does not match","\tassert","\tretsub","","// ensureAssetBalanceMatchesState(assetId: uint64, scaleFromBase: uint256, recorded: uint256, errorNative: string, errorAsa: string): void","ensureAssetBalanceMatchesState:","\tproto 5 0","","\t// Push empty bytes after the frame pointer to reserve space for local variables","\tbytec 0 // 0x","\tdupn 2","","\t// *if11_condition","\t// contracts\\BiatecClammPool.algo.ts:373","\t// assetId === <uint64>0","\tframe_dig -1 // assetId: uint64","\tintc 1 // 0","\t==","\tbz *if11_else","","\t// *if11_consequent","\t// contracts\\BiatecClammPool.algo.ts:374","\t// nativeAvailable = ((this.app.address.balance - <uint64>1_000_000) as uint256) * scaleFromBase","\tglobal CurrentApplicationAddress","\tacct_params_get AcctBalance","\tpop","\tintc 13 // 1_000_000","\t-","\titob","\tframe_dig -2 // scaleFromBase: uint256","\tb*","\tframe_bury 0 // nativeAvailable: unsafe uint256","","\t// contracts\\BiatecClammPool.algo.ts:375","\t// assert(nativeAvailable >= recorded, errorNative)","\tframe_dig 0 // nativeAvailable: unsafe uint256","\tframe_dig -3 // recorded: uint256","\tb>=","\tassert","\tb *if11_end","","*if11_else:","\t// contracts\\BiatecClammPool.algo.ts:377","\t// assetRef = AssetID.fromUint64(assetId)","\tframe_dig -1 // assetId: uint64","\tframe_bury 1 // assetRef: uint64","","\t// contracts\\BiatecClammPool.algo.ts:378","\t// assetAvailable = (this.app.address.assetBalance(assetRef) as uint256) * scaleFromBase","\tglobal CurrentApplicationAddress","\tframe_dig 1 // assetRef: uint64","\tasset_holding_get AssetBalance","\tpop","\titob","\tframe_dig -2 // scaleFromBase: uint256","\tb*","\tframe_bury 2 // assetAvailable: unsafe uint256","","\t// contracts\\BiatecClammPool.algo.ts:379","\t// assert(assetAvailable >= recorded, errorAsa)","\tframe_dig 2 // assetAvailable: unsafe uint256","\tframe_dig -3 // recorded: uint256","\tb>=","\tassert","","*if11_end:","\tretsub","","// ensurePoolBalancesWithinHoldings(assetAId: uint64, assetBId: uint64): void","ensurePoolBalancesWithinHoldings:","\tproto 2 0","","\t// contracts\\BiatecClammPool.algo.ts:384","\t// this.ensureAssetBalanceMatchesState(assetAId, this.assetADecimalsScaleFromBase.value, this.assetABalanceBaseScale.value, 'E_A0_B', 'E_A_B')","\tpushbytes 0x455f415f42 // \"E_A_B\"","\tpushbytes 0x455f41305f42 // \"E_A0_B\"","\tbytec 5 //  \"ab\"","\tapp_global_get","\tbytec 12 //  \"ad\"","\tapp_global_get","\tframe_dig -1 // assetAId: uint64","\tcallsub ensureAssetBalanceMatchesState","","\t// contracts\\BiatecClammPool.algo.ts:385","\t// this.ensureAssetBalanceMatchesState(assetBId, this.assetBDecimalsScaleFromBase.value, this.assetBBalanceBaseScale.value, 'E_B0_B', 'E_B_B')","\tpushbytes 0x455f425f42 // \"E_B_B\"","\tpushbytes 0x455f42305f42 // \"E_B0_B\"","\tbytec 6 //  \"bb\"","\tapp_global_get","\tbytec 13 //  \"bd\"","\tapp_global_get","\tframe_dig -2 // assetBId: uint64","\tcallsub ensureAssetBalanceMatchesState","\tretsub","","// addLiquidity(uint64,uint64,txn,txn,uint64,uint64,uint64)uint64","*abi_route_addLiquidity:","\t// The ABI return prefix","\tbytec 7 // 0x151f7c75","","\t// assetLp: uint64","\ttxna ApplicationArgs 5","\tbtoi","","\t// assetB: uint64","\ttxna ApplicationArgs 4","\tbtoi","","\t// assetA: uint64","\ttxna ApplicationArgs 3","\tbtoi","","\t// txAssetBDeposit: txn","\ttxn GroupIndex","\tintc 2 // 1","\t-","","\t// txAssetADeposit: txn","\ttxn GroupIndex","\tintc 7 // 2","\t-","","\t// appBiatecIdentityProvider: uint64","\ttxna ApplicationArgs 2","\tbtoi","","\t// appBiatecConfigProvider: uint64","\ttxna ApplicationArgs 1","\tbtoi","","\t// execute addLiquidity(uint64,uint64,txn,txn,uint64,uint64,uint64)uint64","\tcallsub addLiquidity","\titob","\tconcat","\tlog","\tintc 2 // 1","\treturn","","// addLiquidity(appBiatecConfigProvider: AppID, appBiatecIdentityProvider: AppID, txAssetADeposit: Txn, txAssetBDeposit: Txn, assetA: AssetID, assetB: AssetID, assetLp: AssetID): uint64","//","// This method adds Asset A and Asset B to the Automated Market Maker Concentrated Liqudidity Pool and send to the liqudidty provider the liquidity token","// @param appBiatecConfigProvider Configuration reference","// @param appBiatecIdentityProvider Identity service reference","// @param txAssetADeposit Transfer of asset A to the LP pool","// @param txAssetBDeposit Transfer of asset B to the LP pool","// @param assetLp Liquidity pool asset","// @param assetA Asset A","// @param assetB Asset B","// @returns LP Token quantity distributed","addLiquidity:","\tproto 7 1","","\t// Push empty bytes after the frame pointer to reserve space for local variables","\tbytec 0 // 0x","\tdupn 9","","\t// contracts\\BiatecClammPool.algo.ts:400","\t// increaseOpcodeBudget()","\titxn_begin","\tintc 5 //  appl","\titxn_field TypeEnum","\tintc 1 // 0","\titxn_field Fee","\tbytec 4 //  #pragma version 10; int 1","\tdup","\titxn_field ApprovalProgram","\titxn_field ClearStateProgram","\tintc 9 //  DeleteApplication","\titxn_field OnCompletion","\titxn_submit","","\t// contracts\\BiatecClammPool.algo.ts:401","\t// increaseOpcodeBudget()","\titxn_begin","\tintc 5 //  appl","\titxn_field TypeEnum","\tintc 1 // 0","\titxn_field Fee","\tbytec 4 //  #pragma version 10; int 1","\tdup","\titxn_field ApprovalProgram","\titxn_field ClearStateProgram","\tintc 9 //  DeleteApplication","\titxn_field OnCompletion","\titxn_submit","","\t// well formed mint","\t// contracts\\BiatecClammPool.algo.ts:403","\t// this.checkAssets(assetA, assetB, assetLp)","\tframe_dig -7 // assetLp: AssetID","\tframe_dig -6 // assetB: AssetID","\tframe_dig -5 // assetA: AssetID","\tcallsub checkAssets","","\t// contracts\\BiatecClammPool.algo.ts:405","\t// this.verifyIdentity(appBiatecConfigProvider, appBiatecIdentityProvider)","\tframe_dig -2 // appBiatecIdentityProvider: AppID","\tframe_dig -1 // appBiatecConfigProvider: AppID","\tcallsub verifyIdentity","","\t// contracts\\BiatecClammPool.algo.ts:407","\t// assetLpDelicmalScale2Scale = <uint256>LP_SCALE_DECIMALS","\tintc 10 // 10","\tintc 11 // 3","\texp","\titob","\tframe_bury 0 // assetLpDelicmalScale2Scale: unsafe uint256","","\t// contracts\\BiatecClammPool.algo.ts:409","\t// zeroUint256 = <uint256>0","\tbytec 3 // 0x0000000000000000000000000000000000000000000000000000000000000000","\tframe_bury 1 // zeroUint256: uint256","","\t// contracts\\BiatecClammPool.algo.ts:410","\t// aDepositInBaseScale = <uint256>0","\tbytec 3 // 0x0000000000000000000000000000000000000000000000000000000000000000","\tframe_bury 2 // aDepositInBaseScale: unsafe uint256","","\t// contracts\\BiatecClammPool.algo.ts:411","\t// bDepositInBaseScale = <uint256>0","\tbytec 3 // 0x0000000000000000000000000000000000000000000000000000000000000000","\tframe_bury 3 // bDepositInBaseScale: unsafe uint256","","\t// *if12_condition","\t// contracts\\BiatecClammPool.algo.ts:412","\t// assetA.id > 0","\tframe_dig -5 // assetA: AssetID","\tintc 1 // 0","\t>","\tbz *if12_else","","\t// *if12_consequent","\t// contracts\\BiatecClammPool.algo.ts:413","\t// assert(txAssetADeposit.typeEnum === TransactionType.AssetTransfer)","\tframe_dig -3 // txAssetADeposit: Txn","\tgtxns TypeEnum","\tintc 8 //  axfer","\t==","\tassert","","\t// contracts\\BiatecClammPool.algo.ts:414","\t// aDepositInBaseScale = (txAssetADeposit.assetAmount as uint256) * this.assetADecimalsScaleFromBase.value","\tframe_dig -3 // txAssetADeposit: Txn","\tgtxns AssetAmount","\titob","\tbytec 12 //  \"ad\"","\tapp_global_get","\tb*","\tframe_bury 2 // aDepositInBaseScale: unsafe uint256","\tb *if12_end","","*if12_else:","\t// contracts\\BiatecClammPool.algo.ts:416","\t// assert(txAssetADeposit.typeEnum === TransactionType.Payment)","\tframe_dig -3 // txAssetADeposit: Txn","\tgtxns TypeEnum","\tintc 2 //  pay","\t==","\tassert","","\t// contracts\\BiatecClammPool.algo.ts:417","\t// aDepositInBaseScale = (txAssetADeposit.amount as uint256) * this.assetADecimalsScaleFromBase.value","\tframe_dig -3 // txAssetADeposit: Txn","\tgtxns Amount","\titob","\tbytec 12 //  \"ad\"","\tapp_global_get","\tb*","\tframe_bury 2 // aDepositInBaseScale: unsafe uint256","","*if12_end:","\t// *if13_condition","\t// contracts\\BiatecClammPool.algo.ts:420","\t// txAssetADeposit.typeEnum === TransactionType.AssetTransfer","\tframe_dig -3 // txAssetADeposit: Txn","\tgtxns TypeEnum","\tintc 8 //  axfer","\t==","\tbz *if13_elseif1_condition","","\t// *if13_consequent","\t// contracts\\BiatecClammPool.algo.ts:421","\t// xfer = txAssetADeposit as AssetTransferTxn","\tframe_dig -3 // txAssetADeposit: Txn","\tdup","\tgtxns TypeEnum","\tintc 8 //  axfer","\t==","","\t// failed to cast txAssetADeposit to axfer","\tassert","\tframe_bury 4 // xfer: axfer","","\t// contracts\\BiatecClammPool.algo.ts:422","\t// verifyAssetTransferTxn(xfer, {","\t//         assetReceiver: this.app.address,","\t//         xferAsset: assetA,","\t//         assetAmount: { greaterThanEqualTo: 0 },","\t//       })","\t// verify axfer","\tframe_dig 4 // xfer: axfer","\tgtxns TypeEnum","\tintc 8 //  axfer","\t==","","\t// transaction verification failed: {\"txn\":\"xfer\",\"field\":\"typeEnum\",\"expected\":\"axfer\"}","\tassert","","\t// verify assetReceiver","\tframe_dig 4 // xfer: axfer","\tgtxns AssetReceiver","\tglobal CurrentApplicationAddress","\t==","","\t// transaction verification failed: {\"txn\":\"xfer\",\"field\":\"assetReceiver\",\"expected\":\"this.app.address\"}","\tassert","","\t// verify xferAsset","\tframe_dig 4 // xfer: axfer","\tgtxns XferAsset","\tframe_dig -5 // assetA: AssetID","\t==","","\t// transaction verification failed: {\"txn\":\"xfer\",\"field\":\"xferAsset\",\"expected\":\"assetA\"}","\tassert","","\t// verify assetAmount","\tframe_dig 4 // xfer: axfer","\tgtxns AssetAmount","\tintc 1 // 0","\t>=","","\t// transaction verification failed: {\"txn\":\"xfer\",\"field\":\"assetAmount\",\"condition\":\"greaterThanEqualTo\",\"expected\":\">=0\"}","\tassert","\tb *if13_end","","*if13_elseif1_condition:","\t// contracts\\BiatecClammPool.algo.ts:427","\t// txAssetADeposit.typeEnum === TransactionType.Payment","\tframe_dig -3 // txAssetADeposit: Txn","\tgtxns TypeEnum","\tintc 2 //  pay","\t==","\tbz *if13_else","","\t// *if13_elseif1_consequent","\t// contracts\\BiatecClammPool.algo.ts:428","\t// payTx = txAssetADeposit as PayTxn","\tframe_dig -3 // txAssetADeposit: Txn","\tdup","\tgtxns TypeEnum","\tintc 2 //  pay","\t==","","\t// failed to cast txAssetADeposit to pay","\tassert","\tframe_bury 5 // payTx: pay","","\t// contracts\\BiatecClammPool.algo.ts:429","\t// verifyPayTxn(payTx, {","\t//         receiver: this.app.address,","\t//         amount: { greaterThanEqualTo: 0 },","\t//       })","\t// verify pay","\tframe_dig 5 // payTx: pay","\tgtxns TypeEnum","\tintc 2 //  pay","\t==","","\t// transaction verification failed: {\"txn\":\"payTx\",\"field\":\"typeEnum\",\"expected\":\"pay\"}","\tassert","","\t// verify receiver","\tframe_dig 5 // payTx: pay","\tgtxns Receiver","\tglobal CurrentApplicationAddress","\t==","","\t// transaction verification failed: {\"txn\":\"payTx\",\"field\":\"receiver\",\"expected\":\"this.app.address\"}","\tassert","","\t// verify amount","\tframe_dig 5 // payTx: pay","\tgtxns Amount","\tintc 1 // 0","\t>=","","\t// transaction verification failed: {\"txn\":\"payTx\",\"field\":\"amount\",\"condition\":\"greaterThanEqualTo\",\"expected\":\">=0\"}","\tassert","\tb *if13_end","","*if13_else:","\t// contracts\\BiatecClammPool.algo.ts:434","\t// assert(false, 'Unsupported tx type of the asset A')","\tintc 1 // 0","","\t// Unsupported tx type of the asset A","\tassert","","*if13_end:","\t// *if14_condition","\t// contracts\\BiatecClammPool.algo.ts:437","\t// assetB.id > 0","\tframe_dig -6 // assetB: AssetID","\tintc 1 // 0","\t>","\tbz *if14_else","","\t// *if14_consequent","\t// contracts\\BiatecClammPool.algo.ts:438","\t// assert(txAssetBDeposit.typeEnum === TransactionType.AssetTransfer)","\tframe_dig -4 // txAssetBDeposit: Txn","\tgtxns TypeEnum","\tintc 8 //  axfer","\t==","\tassert","","\t// contracts\\BiatecClammPool.algo.ts:439","\t// bDepositInBaseScale = (txAssetBDeposit.assetAmount as uint256) * this.assetBDecimalsScaleFromBase.value","\tframe_dig -4 // txAssetBDeposit: Txn","\tgtxns AssetAmount","\titob","\tbytec 13 //  \"bd\"","\tapp_global_get","\tb*","\tframe_bury 3 // bDepositInBaseScale: unsafe uint256","\tb *if14_end","","*if14_else:","\t// contracts\\BiatecClammPool.algo.ts:441","\t// assert(txAssetBDeposit.typeEnum === TransactionType.Payment)","\tframe_dig -4 // txAssetBDeposit: Txn","\tgtxns TypeEnum","\tintc 2 //  pay","\t==","\tassert","","\t// contracts\\BiatecClammPool.algo.ts:442","\t// bDepositInBaseScale = (txAssetBDeposit.amount as uint256) * this.assetBDecimalsScaleFromBase.value","\tframe_dig -4 // txAssetBDeposit: Txn","\tgtxns Amount","\titob","\tbytec 13 //  \"bd\"","\tapp_global_get","\tb*","\tframe_bury 3 // bDepositInBaseScale: unsafe uint256","","*if14_end:","\t// *if15_condition","\t// contracts\\BiatecClammPool.algo.ts:445","\t// txAssetBDeposit.typeEnum === TransactionType.AssetTransfer","\tframe_dig -4 // txAssetBDeposit: Txn","\tgtxns TypeEnum","\tintc 8 //  axfer","\t==","\tbz *if15_elseif1_condition","","\t// *if15_consequent","\t// contracts\\BiatecClammPool.algo.ts:446","\t// xfer = txAssetBDeposit as AssetTransferTxn","\tframe_dig -4 // txAssetBDeposit: Txn","\tdup","\tgtxns TypeEnum","\tintc 8 //  axfer","\t==","","\t// failed to cast txAssetBDeposit to axfer","\tassert","\tframe_bury 6 // xfer: axfer","","\t// contracts\\BiatecClammPool.algo.ts:447","\t// verifyAssetTransferTxn(xfer, {","\t//         assetReceiver: this.app.address,","\t//         xferAsset: assetB,","\t//         assetAmount: { greaterThanEqualTo: 0 },","\t//       })","\t// verify axfer","\tframe_dig 6 // xfer: axfer","\tgtxns TypeEnum","\tintc 8 //  axfer","\t==","","\t// transaction verification failed: {\"txn\":\"xfer\",\"field\":\"typeEnum\",\"expected\":\"axfer\"}","\tassert","","\t// verify assetReceiver","\tframe_dig 6 // xfer: axfer","\tgtxns AssetReceiver","\tglobal CurrentApplicationAddress","\t==","","\t// transaction verification failed: {\"txn\":\"xfer\",\"field\":\"assetReceiver\",\"expected\":\"this.app.address\"}","\tassert","","\t// verify xferAsset","\tframe_dig 6 // xfer: axfer","\tgtxns XferAsset","\tframe_dig -6 // assetB: AssetID","\t==","","\t// transaction verification failed: {\"txn\":\"xfer\",\"field\":\"xferAsset\",\"expected\":\"assetB\"}","\tassert","","\t// verify assetAmount","\tframe_dig 6 // xfer: axfer","\tgtxns AssetAmount","\tintc 1 // 0","\t>=","","\t// transaction verification failed: {\"txn\":\"xfer\",\"field\":\"assetAmount\",\"condition\":\"greaterThanEqualTo\",\"expected\":\">=0\"}","\tassert","\tb *if15_end","","*if15_elseif1_condition:","\t// contracts\\BiatecClammPool.algo.ts:452","\t// txAssetBDeposit.typeEnum === TransactionType.Payment","\tframe_dig -4 // txAssetBDeposit: Txn","\tgtxns TypeEnum","\tintc 2 //  pay","\t==","\tbz *if15_else","","\t// *if15_elseif1_consequent","\t// contracts\\BiatecClammPool.algo.ts:453","\t// payTx = txAssetBDeposit as PayTxn","\tframe_dig -4 // txAssetBDeposit: Txn","\tdup","\tgtxns TypeEnum","\tintc 2 //  pay","\t==","","\t// failed to cast txAssetBDeposit to pay","\tassert","\tframe_bury 7 // payTx: pay","","\t// contracts\\BiatecClammPool.algo.ts:454","\t// verifyPayTxn(payTx, {","\t//         receiver: this.app.address,","\t//         amount: { greaterThanEqualTo: 0 },","\t//       })","\t// verify pay","\tframe_dig 7 // payTx: pay","\tgtxns TypeEnum","\tintc 2 //  pay","\t==","","\t// transaction verification failed: {\"txn\":\"payTx\",\"field\":\"typeEnum\",\"expected\":\"pay\"}","\tassert","","\t// verify receiver","\tframe_dig 7 // payTx: pay","\tgtxns Receiver","\tglobal CurrentApplicationAddress","\t==","","\t// transaction verification failed: {\"txn\":\"payTx\",\"field\":\"receiver\",\"expected\":\"this.app.address\"}","\tassert","","\t// verify amount","\tframe_dig 7 // payTx: pay","\tgtxns Amount","\tintc 1 // 0","\t>=","","\t// transaction verification failed: {\"txn\":\"payTx\",\"field\":\"amount\",\"condition\":\"greaterThanEqualTo\",\"expected\":\">=0\"}","\tassert","\tb *if15_end","","*if15_else:","\t// contracts\\BiatecClammPool.algo.ts:459","\t// assert(false, 'Unsupported tx type of the asset B')","\tintc 1 // 0","","\t// Unsupported tx type of the asset B","\tassert","","*if15_end:","\t// contracts\\BiatecClammPool.algo.ts:481","\t// this.processAddLiquidity(zeroUint256, zeroUint256, assetLpDelicmalScale2Scale, assetLp, false)","\tintc 1 // 0","\tframe_dig -7 // assetLp: AssetID","\tframe_dig 0 // assetLpDelicmalScale2Scale: unsafe uint256","\tdup","\tbitlen","\tintc 3 // 256","\t<=","","\t// assetLpDelicmalScale2Scale overflowed 256 bits","\tassert","\tbytec 1 // 0xFFFFFFFFFFFFFFFFFFFFFFFFFFFFFFFFFFFFFFFFFFFFFFFFFFFFFFFFFFFFFFFF","\tb&","\tdup","\tlen","\tdup","\tintc 0 // 32","\t-","\tswap","\tsubstring3","\tbytec 3 //  zeroUint256: uint256","\tdup","\tcallsub processAddLiquidity","","\t// *if16_condition","\t// contracts\\BiatecClammPool.algo.ts:485","\t// this.priceMinSqrt.value === this.priceMaxSqrt.value","\tbytec 16 //  \"pMinS\"","\tapp_global_get","\tbytec 17 //  \"pMaxS\"","\tapp_global_get","\tb==","\tbz *if16_end","","\t// *if16_consequent","\t// contracts\\BiatecClammPool.algo.ts:486","\t// return this.processAddLiquidity(aDepositInBaseScale, bDepositInBaseScale, assetLpDelicmalScale2Scale, assetLp, true);","\tintc 2 // 1","\tframe_dig -7 // assetLp: AssetID","\tframe_dig 0 // assetLpDelicmalScale2Scale: unsafe uint256","\tdup","\tbitlen","\tintc 3 // 256","\t<=","","\t// assetLpDelicmalScale2Scale overflowed 256 bits","\tassert","\tbytec 1 // 0xFFFFFFFFFFFFFFFFFFFFFFFFFFFFFFFFFFFFFFFFFFFFFFFFFFFFFFFFFFFFFFFF","\tb&","\tdup","\tlen","\tdup","\tintc 0 // 32","\t-","\tswap","\tsubstring3","\tframe_dig 3 // bDepositInBaseScale: unsafe uint256","\tdup","\tbitlen","\tintc 3 // 256","\t<=","","\t// bDepositInBaseScale overflowed 256 bits","\tassert","\tbytec 1 // 0xFFFFFFFFFFFFFFFFFFFFFFFFFFFFFFFFFFFFFFFFFFFFFFFFFFFFFFFFFFFFFFFF","\tb&","\tdup","\tlen","\tdup","\tintc 0 // 32","\t-","\tswap","\tsubstring3","\tframe_dig 2 // aDepositInBaseScale: unsafe uint256","\tdup","\tbitlen","\tintc 3 // 256","\t<=","","\t// aDepositInBaseScale overflowed 256 bits","\tassert","\tbytec 1 // 0xFFFFFFFFFFFFFFFFFFFFFFFFFFFFFFFFFFFFFFFFFFFFFFFFFFFFFFFFFFFFFFFF","\tb&","\tdup","\tlen","\tdup","\tintc 0 // 32","\t-","\tswap","\tsubstring3","\tcallsub processAddLiquidity","\tb *addLiquidity*return","","*if16_end:","\t// contracts\\BiatecClammPool.algo.ts:496","\t// ret = this.processAddLiquidity(aDepositInBaseScale, bDepositInBaseScale, assetLpDelicmalScale2Scale, assetLp, true)","\tintc 2 // 1","\tframe_dig -7 // assetLp: AssetID","\tframe_dig 0 // assetLpDelicmalScale2Scale: unsafe uint256","\tdup","\tbitlen","\tintc 3 // 256","\t<=","","\t// assetLpDelicmalScale2Scale overflowed 256 bits","\tassert","\tbytec 1 // 0xFFFFFFFFFFFFFFFFFFFFFFFFFFFFFFFFFFFFFFFFFFFFFFFFFFFFFFFFFFFFFFFF","\tb&","\tdup","\tlen","\tdup","\tintc 0 // 32","\t-","\tswap","\tsubstring3","\tframe_dig 3 // bDepositInBaseScale: unsafe uint256","\tdup","\tbitlen","\tintc 3 // 256","\t<=","","\t// bDepositInBaseScale overflowed 256 bits","\tassert","\tbytec 1 // 0xFFFFFFFFFFFFFFFFFFFFFFFFFFFFFFFFFFFFFFFFFFFFFFFFFFFFFFFFFFFFFFFF","\tb&","\tdup","\tlen","\tdup","\tintc 0 // 32","\t-","\tswap","\tsubstring3","\tframe_dig 2 // aDepositInBaseScale: unsafe uint256","\tdup","\tbitlen","\tintc 3 // 256","\t<=","","\t// aDepositInBaseScale overflowed 256 bits","\tassert","\tbytec 1 // 0xFFFFFFFFFFFFFFFFFFFFFFFFFFFFFFFFFFFFFFFFFFFFFFFFFFFFFFFFFFFFFFFF","\tb&","\tdup","\tlen","\tdup","\tintc 0 // 32","\t-","\tswap","\tsubstring3","\tcallsub processAddLiquidity","\tframe_bury 8 // ret: uint64","","\t// contracts\\BiatecClammPool.algo.ts:498","\t// newPrice = this.calculatePrice(","\t//       this.assetABalanceBaseScale.value, // assetAQuantity: uint256,","\t//       this.assetBBalanceBaseScale.value, // assetBQuantity: uint256,","\t//       this.priceMinSqrt.value, // priceMinSqrt: uint256,","\t//       this.priceMaxSqrt.value, // priceMaxSqrt: uint256,","\t//       this.Liquidity.value // liquidity: uint256","\t//     )","\tbytec 8 //  \"L\"","\tapp_global_get","\tbytec 17 //  \"pMaxS\"","\tapp_global_get","\tbytec 16 //  \"pMinS\"","\tapp_global_get","\tbytec 6 //  \"bb\"","\tapp_global_get","\tbytec 5 //  \"ab\"","\tapp_global_get","\tcallsub calculatePrice","\tframe_bury 9 // newPrice: unsafe uint256","","\t// contracts\\BiatecClammPool.algo.ts:506","\t// this.currentPrice.value = newPrice as uint64","\tbytec 18 //  \"price\"","\tframe_dig 9 // newPrice: unsafe uint256","\tdup","\tbitlen","\tintc 4 // 64","\t<=","","\t// newPrice as uint64 overflowed 64 bits","\tassert","\tbytec 9 // 0xFFFFFFFFFFFFFFFF","\tb&","\tdup","\tlen","\tdup","\tintc 6 // 8","\t-","\tswap","\tsubstring3","\tbtoi","\tapp_global_put","","\t// contracts\\BiatecClammPool.algo.ts:507","\t// return ret;","\tframe_dig 8 // ret: uint64","","*addLiquidity*return:","\t// set the subroutine return value","\tframe_bury 0","","\t// pop all local variables from the stack","\tpopn 9","\tretsub","","// processAddLiquidity(realAssetADeposit: uint256, realAssetBDeposit: uint256, assetLpDelicmalScale2Scale: uint256, assetLp: AssetID, send: boolean): uint64","//","// This method is used in addLiquidity to process the liquidity addition from calculated values","// @param realAssetADeposit Real asset a deposit","// @param realAssetBDeposit Real asset b deposit","// @param assetLpDelicmalScale2Scale LP decimal scale","// @param assetLp LP Asset","// @returns LP Token quantity distributed","processAddLiquidity:","\tproto 5 1","","\t// Push empty bytes after the frame pointer to reserve space for local variables","\tbytec 0 // 0x","\tdupn 13","","\t// contracts\\BiatecClammPool.algo.ts:622","\t// increaseOpcodeBudget()","\titxn_begin","\tintc 5 //  appl","\titxn_field TypeEnum","\tintc 1 // 0","\titxn_field Fee","\tbytec 4 //  #pragma version 10; int 1","\tdup","\titxn_field ApprovalProgram","\titxn_field ClearStateProgram","\tintc 9 //  DeleteApplication","\titxn_field OnCompletion","\titxn_submit","","\t// contracts\\BiatecClammPool.algo.ts:623","\t// oldLiquidity = this.Liquidity.value","\tbytec 8 //  \"L\"","\tapp_global_get","\tframe_bury 0 // oldLiquidity: uint256","","\t// contracts\\BiatecClammPool.algo.ts:625","\t// this.assetABalanceBaseScale.value = this.assetABalanceBaseScale.value + realAssetADeposit","\tbytec 5 //  \"ab\"","\tdup","\tapp_global_get","\tframe_dig -1 // realAssetADeposit: uint256","\tb+","\tdup","\tbitlen","\tintc 3 // 256","\t<=","","\t// this.assetABalanceBaseScale.value + realAssetADeposit overflowed 256 bits","\tassert","\tbytec 1 // 0xFFFFFFFFFFFFFFFFFFFFFFFFFFFFFFFFFFFFFFFFFFFFFFFFFFFFFFFFFFFFFFFF","\tb&","\tdup","\tlen","\tdup","\tintc 0 // 32","\t-","\tswap","\tsubstring3","\tapp_global_put","","\t// contracts\\BiatecClammPool.algo.ts:626","\t// this.assetBBalanceBaseScale.value = this.assetBBalanceBaseScale.value + realAssetBDeposit","\tbytec 6 //  \"bb\"","\tdup","\tapp_global_get","\tframe_dig -2 // realAssetBDeposit: uint256","\tb+","\tdup","\tbitlen","\tintc 3 // 256","\t<=","","\t// this.assetBBalanceBaseScale.value + realAssetBDeposit overflowed 256 bits","\tassert","\tbytec 1 // 0xFFFFFFFFFFFFFFFFFFFFFFFFFFFFFFFFFFFFFFFFFFFFFFFFFFFFFFFFFFFFFFFF","\tb&","\tdup","\tlen","\tdup","\tintc 0 // 32","\t-","\tswap","\tsubstring3","\tapp_global_put","","\t// contracts\\BiatecClammPool.algo.ts:629","\t// newLiquidity = this.setCurrentLiquidityNonDecreasing(oldLiquidity)","\tframe_dig 0 // oldLiquidity: uint256","\tcallsub setCurrentLiquidityNonDecreasing","\tframe_bury 1 // newLiquidity: unsafe uint256","","\t// *if17_condition","\t// contracts\\BiatecClammPool.algo.ts:631","\t// send","\tframe_dig -5 // send: boolean","\tbz *if17_end","","\t// *if17_consequent","\t// contracts\\BiatecClammPool.algo.ts:632","\t// liquidityDelta = newLiquidity - oldLiquidity","\tframe_dig 1 // newLiquidity: unsafe uint256","\tframe_dig 0 // oldLiquidity: uint256","\tb-","\tframe_bury 2 // liquidityDelta: unsafe uint256","","\t// contracts\\BiatecClammPool.algo.ts:633","\t// lpDeltaBase = liquidityDelta","\tframe_dig 2 // liquidityDelta: unsafe uint256","\tframe_bury 3 // lpDeltaBase: unsafe uint256","","\t// *if18_condition","\t// contracts\\BiatecClammPool.algo.ts:634","\t// lpDeltaBase > <uint256>0","\tframe_dig 3 // lpDeltaBase: unsafe uint256","\tbytec 3 // 0x0000000000000000000000000000000000000000000000000000000000000000","\tb>","\tbz *if18_end","","\t// *if18_consequent","\t// contracts\\BiatecClammPool.algo.ts:636","\t// distributedBefore = ((Uint<256>(TOTAL_SUPPLY) as uint256) - (this.app.address.assetBalance(assetLp) as uint256)) * assetLpDelicmalScale2Scale","\tbytec 27 // 0x000000000000000000000000000000000000000000000000f9ccd8a1c5080000","\tglobal CurrentApplicationAddress","\tframe_dig -4 // assetLp: AssetID","\tasset_holding_get AssetBalance","\tpop","\titob","\tb-","\tframe_dig -3 // assetLpDelicmalScale2Scale: uint256","\tb*","\tframe_bury 4 // distributedBefore: unsafe uint256","","\t// *if19_condition","\t// contracts\\BiatecClammPool.algo.ts:637","\t// distributedBefore > <uint256>0","\tframe_dig 4 // distributedBefore: unsafe uint256","\tbytec 3 // 0x0000000000000000000000000000000000000000000000000000000000000000","\tb>","\tbz *if19_end","","\t// *if19_consequent","\t// contracts\\BiatecClammPool.algo.ts:638","\t// contributionScaled = <uint256>0","\tbytec 3 // 0x0000000000000000000000000000000000000000000000000000000000000000","\tframe_bury 5 // contributionScaled: unsafe uint256","","\t// *if20_condition","\t// contracts\\BiatecClammPool.algo.ts:639","\t// realAssetADeposit > <uint256>0","\tframe_dig -1 // realAssetADeposit: uint256","\tbytec 3 // 0x0000000000000000000000000000000000000000000000000000000000000000","\tb>","\tbz *if20_elseif1_condition","","\t// *if20_consequent","\t// contracts\\BiatecClammPool.algo.ts:641","\t// contributionScaled = (realAssetADeposit * newLiquidity) / this.assetABalanceBaseScale.value","\tframe_dig -1 // realAssetADeposit: uint256","\tframe_dig 1 // newLiquidity: unsafe uint256","\tb*","\tbytec 5 //  \"ab\"","\tapp_global_get","\tb/","\tframe_bury 5 // contributionScaled: unsafe uint256","\tb *if20_end","","*if20_elseif1_condition:","\t// contracts\\BiatecClammPool.algo.ts:642","\t// realAssetBDeposit > <uint256>0","\tframe_dig -2 // realAssetBDeposit: uint256","\tbytec 3 // 0x0000000000000000000000000000000000000000000000000000000000000000","\tb>","\tbz *if20_end","","\t// *if20_elseif1_consequent","\t// contracts\\BiatecClammPool.algo.ts:643","\t// contributionScaled = (realAssetBDeposit * newLiquidity) / this.assetBBalanceBaseScale.value","\tframe_dig -2 // realAssetBDeposit: uint256","\tframe_dig 1 // newLiquidity: unsafe uint256","\tb*","\tbytec 6 //  \"bb\"","\tapp_global_get","\tb/","\tframe_bury 5 // contributionScaled: unsafe uint256","","*if20_end:","\t// *if21_condition","\t// contracts\\BiatecClammPool.algo.ts:645","\t// contributionScaled > <uint256>0","\tframe_dig 5 // contributionScaled: unsafe uint256","\tbytec 3 // 0x0000000000000000000000000000000000000000000000000000000000000000","\tb>","\tbz *if21_end","","\t// *if21_consequent","\t// contracts\\BiatecClammPool.algo.ts:646","\t// usersFeeLiquidity = this.LiquidityUsersFromFees.value","\tbytec 10 //  \"Lu\"","\tapp_global_get","\tframe_bury 6 // usersFeeLiquidity: uint256","","\t// contracts\\BiatecClammPool.algo.ts:647","\t// sumDistributedAndFees = distributedBefore + usersFeeLiquidity","\tframe_dig 4 // distributedBefore: unsafe uint256","\tframe_dig 6 // usersFeeLiquidity: uint256","\tb+","\tframe_bury 7 // sumDistributedAndFees: unsafe uint256","","\t// contracts\\BiatecClammPool.algo.ts:649","\t// diff = sumDistributedAndFees >= contributionScaled ? sumDistributedAndFees - contributionScaled : contributionScaled - sumDistributedAndFees","\tframe_dig 7 // sumDistributedAndFees: unsafe uint256","\tframe_dig 5 // contributionScaled: unsafe uint256","\tb>=","\tbz *ternary3_false","\tframe_dig 7 // sumDistributedAndFees: unsafe uint256","\tframe_dig 5 // contributionScaled: unsafe uint256","\tb-","\tb *ternary3_end","","*ternary3_false:","\tframe_dig 5 // contributionScaled: unsafe uint256","\tframe_dig 7 // sumDistributedAndFees: unsafe uint256","\tb-","","*ternary3_end:","\tframe_bury 8 // diff: unsafe uint256","","\t// contracts\\BiatecClammPool.algo.ts:650","\t// discriminant = diff * diff + <uint256>4 * contributionScaled * distributedBefore","\tframe_dig 8 // diff: unsafe uint256","\tframe_dig 8 // diff: unsafe uint256","\tb*","\tbytec 28 // 0x0000000000000000000000000000000000000000000000000000000000000004","\tframe_dig 5 // contributionScaled: unsafe uint256","\tb*","\tframe_dig 4 // distributedBefore: unsafe uint256","\tb*","\tb+","\tframe_bury 9 // discriminant: unsafe uint256","","\t// contracts\\BiatecClammPool.algo.ts:651","\t// sqrtTerm = sqrt(discriminant)","\tframe_dig 9 // discriminant: unsafe uint256","\tbsqrt","\tframe_bury 10 // sqrtTerm: unsafe uint256","","\t// contracts\\BiatecClammPool.algo.ts:652","\t// numerator = <uint256>0","\tbytec 3 // 0x0000000000000000000000000000000000000000000000000000000000000000","\tframe_bury 11 // numerator: unsafe uint256","","\t// *if22_condition","\t// contracts\\BiatecClammPool.algo.ts:653","\t// contributionScaled >= sumDistributedAndFees","\tframe_dig 5 // contributionScaled: unsafe uint256","\tframe_dig 7 // sumDistributedAndFees: unsafe uint256","\tb>=","\tbz *if22_else","","\t// *if22_consequent","\t// contracts\\BiatecClammPool.algo.ts:654","\t// numerator = sqrtTerm + (contributionScaled - sumDistributedAndFees)","\tframe_dig 10 // sqrtTerm: unsafe uint256","\tframe_dig 5 // contributionScaled: unsafe uint256","\tframe_dig 7 // sumDistributedAndFees: unsafe uint256","\tb-","\tb+","\tframe_bury 11 // numerator: unsafe uint256","\tb *if22_end","","*if22_else:","\t// contracts\\BiatecClammPool.algo.ts:656","\t// numerator = sqrtTerm - (sumDistributedAndFees - contributionScaled)","\tframe_dig 10 // sqrtTerm: unsafe uint256","\tframe_dig 7 // sumDistributedAndFees: unsafe uint256","\tframe_dig 5 // contributionScaled: unsafe uint256","\tb-","\tb-","\tframe_bury 11 // numerator: unsafe uint256","","*if22_end:","\t// contracts\\BiatecClammPool.algo.ts:658","\t// solution = numerator / <uint256>2","\tframe_dig 11 // numerator: unsafe uint256","\tbytec 20 // 0x0000000000000000000000000000000000000000000000000000000000000002","\tb/","\tframe_bury 12 // solution: unsafe uint256","","\t// *if23_condition","\t// contracts\\BiatecClammPool.algo.ts:660","\t// solution > <uint256>0 && solution < lpDeltaBase","\tframe_dig 12 // solution: unsafe uint256","\tbytec 3 // 0x0000000000000000000000000000000000000000000000000000000000000000","\tb>","\tdup","\tbz *skip_and2","\tframe_dig 12 // solution: unsafe uint256","\tframe_dig 3 // lpDeltaBase: unsafe uint256","\tb<","\t&&","","*skip_and2:","\tbz *if23_end","","\t// *if23_consequent","\t// contracts\\BiatecClammPool.algo.ts:661","\t// lpDeltaBase = solution","\tframe_dig 12 // solution: unsafe uint256","\tframe_bury 3 // lpDeltaBase: unsafe uint256","","*if23_end:","","*if21_end:","","*if19_end:","","*if18_end:","\t// contracts\\BiatecClammPool.algo.ts:666","\t// lpTokensToSend = (lpDeltaBase / assetLpDelicmalScale2Scale) as uint64","\tframe_dig 3 // lpDeltaBase: unsafe uint256","\tframe_dig -3 // assetLpDelicmalScale2Scale: uint256","\tb/","\tdup","\tbitlen","\tintc 4 // 64","\t<=","","\t// (lpDeltaBase / assetLpDelicmalScale2Scale) as uint64 overflowed 64 bits","\tassert","\tbytec 9 // 0xFFFFFFFFFFFFFFFF","\tb&","\tdup","\tlen","\tdup","\tintc 6 // 8","\t-","\tswap","\tsubstring3","\tbtoi","\tframe_bury 13 // lpTokensToSend: uint64","","\t// *if24_condition","\t// contracts\\BiatecClammPool.algo.ts:667","\t// lpTokensToSend === 0 && lpDeltaBase > <uint256>0","\tframe_dig 13 // lpTokensToSend: uint64","\tintc 1 // 0","\t==","\tdup","\tbz *skip_and3","\tframe_dig 3 // lpDeltaBase: unsafe uint256","\tbytec 3 // 0x0000000000000000000000000000000000000000000000000000000000000000","\tb>","\t&&","","*skip_and3:","\tbz *if24_end","","\t// *if24_consequent","\t// contracts\\BiatecClammPool.algo.ts:668","\t// lpTokensToSend = 1","\tintc 2 // 1","\tframe_bury 13 // lpTokensToSend: uint64","","*if24_end:","\t// contracts\\BiatecClammPool.algo.ts:670","\t// assert(lpTokensToSend > 0, 'LP-ZERO-ERR')","\tframe_dig 13 // lpTokensToSend: uint64","\tintc 1 // 0","\t>","","\t// LP-ZERO-ERR","\tassert","","\t// contracts\\BiatecClammPool.algo.ts:671","\t// this.doAxfer(this.txn.sender, assetLp, lpTokensToSend)","\tframe_dig 13 // lpTokensToSend: uint64","\tframe_dig -4 // assetLp: AssetID","\ttxn Sender","\tcallsub doAxfer","","\t// contracts\\BiatecClammPool.algo.ts:672","\t// return lpTokensToSend as uint64;","\tframe_dig 13 // lpTokensToSend: uint64","\tb *processAddLiquidity*return","","*if17_end:","\t// contracts\\BiatecClammPool.algo.ts:674","\t// return 0;","\tintc 1 // 0","","*processAddLiquidity*return:","\t// set the subroutine return value","\tframe_bury 0","","\t// pop all local variables from the stack","\tpopn 13","\tretsub","","// calculateCurrentLiquidity(): uint256","calculateCurrentLiquidity:","\tproto 0 1","","\t// Push empty bytes after the frame pointer to reserve space for local variables","\tbytec 0 // 0x","\tdupn 7","","\t// contracts\\BiatecClammPool.algo.ts:679","\t// x = this.assetABalanceBaseScale.value","\tbytec 5 //  \"ab\"","\tapp_global_get","\tframe_bury 0 // x: uint256","","\t// contracts\\BiatecClammPool.algo.ts:680","\t// y = this.assetBBalanceBaseScale.value","\tbytec 6 //  \"bb\"","\tapp_global_get","\tframe_bury 1 // y: uint256","","\t// contracts\\BiatecClammPool.algo.ts:681","\t// priceMin = this.priceMin.value as uint256","\tbytec 35 //  \"pMin\"","\tapp_global_get","\titob","\tframe_bury 2 // priceMin: unsafe uint256","","\t// contracts\\BiatecClammPool.algo.ts:682","\t// priceMax = this.priceMax.value as uint256","\tbytec 26 //  \"pMax\"","\tapp_global_get","\titob","\tframe_bury 3 // priceMax: unsafe uint256","","\t// contracts\\BiatecClammPool.algo.ts:683","\t// priceMinSqrt = this.priceMinSqrt.value","\tbytec 16 //  \"pMinS\"","\tapp_global_get","\tframe_bury 4 // priceMinSqrt: uint256","","\t// contracts\\BiatecClammPool.algo.ts:684","\t// priceMaxSqrt = this.priceMaxSqrt.value","\tbytec 17 //  \"pMaxS\"","\tapp_global_get","\tframe_bury 5 // priceMaxSqrt: uint256","","\t// contracts\\BiatecClammPool.algo.ts:685","\t// newLiquidity = <uint256>0","\tbytec 3 // 0x0000000000000000000000000000000000000000000000000000000000000000","\tframe_bury 6 // newLiquidity: unsafe uint256","","\t// *if25_condition","\t// contracts\\BiatecClammPool.algo.ts:686","\t// priceMin === priceMax","\tframe_dig 2 // priceMin: unsafe uint256","\tframe_dig 3 // priceMax: unsafe uint256","\tb==","\tbz *if25_else","","\t// *if25_consequent","\t// contracts\\BiatecClammPool.algo.ts:687","\t// newLiquidity = this.calculateLiquidityFlatPrice(x, y, priceMin)","\tframe_dig 2 // priceMin: unsafe uint256","\tdup","\tbitlen","\tintc 3 // 256","\t<=","","\t// priceMin overflowed 256 bits","\tassert","\tbytec 1 // 0xFFFFFFFFFFFFFFFFFFFFFFFFFFFFFFFFFFFFFFFFFFFFFFFFFFFFFFFFFFFFFFFF","\tb&","\tdup","\tlen","\tdup","\tintc 0 // 32","\t-","\tswap","\tsubstring3","\tframe_dig 1 // y: uint256","\tframe_dig 0 // x: uint256","\tcallsub calculateLiquidityFlatPrice","\tframe_bury 6 // newLiquidity: unsafe uint256","\tb *if25_end","","*if25_else:","\t// contracts\\BiatecClammPool.algo.ts:689","\t// D_SQRT = this.calculateLiquidityD(x, y, priceMin, priceMax, priceMinSqrt, priceMaxSqrt)","\tframe_dig 5 // priceMaxSqrt: uint256","\tframe_dig 4 // priceMinSqrt: uint256","\tframe_dig 3 // priceMax: unsafe uint256","\tdup","\tbitlen","\tintc 3 // 256","\t<=","","\t// priceMax overflowed 256 bits","\tassert","\tbytec 1 // 0xFFFFFFFFFFFFFFFFFFFFFFFFFFFFFFFFFFFFFFFFFFFFFFFFFFFFFFFFFFFFFFFF","\tb&","\tdup","\tlen","\tdup","\tintc 0 // 32","\t-","\tswap","\tsubstring3","\tframe_dig 2 // priceMin: unsafe uint256","\tdup","\tbitlen","\tintc 3 // 256","\t<=","","\t// priceMin overflowed 256 bits","\tassert","\tbytec 1 // 0xFFFFFFFFFFFFFFFFFFFFFFFFFFFFFFFFFFFFFFFFFFFFFFFFFFFFFFFFFFFFFFFF","\tb&","\tdup","\tlen","\tdup","\tintc 0 // 32","\t-","\tswap","\tsubstring3","\tframe_dig 1 // y: uint256","\tframe_dig 0 // x: uint256","\tcallsub calculateLiquidityD","\tframe_bury 7 // D_SQRT: unsafe uint256","","\t// contracts\\BiatecClammPool.algo.ts:690","\t// newLiquidity = this.calculateLiquidityWithD(x, y, priceMinSqrt, priceMaxSqrt, D_SQRT)","\tframe_dig 7 // D_SQRT: unsafe uint256","\tdup","\tbitlen","\tintc 3 // 256","\t<=","","\t// D_SQRT overflowed 256 bits","\tassert","\tbytec 1 // 0xFFFFFFFFFFFFFFFFFFFFFFFFFFFFFFFFFFFFFFFFFFFFFFFFFFFFFFFFFFFFFFFF","\tb&","\tdup","\tlen","\tdup","\tintc 0 // 32","\t-","\tswap","\tsubstring3","\tframe_dig 5 // priceMaxSqrt: uint256","\tframe_dig 4 // priceMinSqrt: uint256","\tframe_dig 1 // y: uint256","\tframe_dig 0 // x: uint256","\tcallsub calculateLiquidityWithD","\tframe_bury 6 // newLiquidity: unsafe uint256","","*if25_end:","\t// contracts\\BiatecClammPool.algo.ts:692","\t// return newLiquidity;","\tframe_dig 6 // newLiquidity: unsafe uint256","","\t// set the subroutine return value","\tframe_bury 0","","\t// pop all local variables from the stack","\tpopn 7","\tretsub","","// setCurrentLiquidity(): void","setCurrentLiquidity:","\tproto 0 0","","\t// contracts\\BiatecClammPool.algo.ts:696","\t// this.Liquidity.value = this.calculateCurrentLiquidity()","\tbytec 8 //  \"L\"","\tcallsub calculateCurrentLiquidity","\tdup","\tbitlen","\tintc 3 // 256","\t<=","","\t// this.calculateCurrentLiquidity() overflowed 256 bits","\tassert","\tbytec 1 // 0xFFFFFFFFFFFFFFFFFFFFFFFFFFFFFFFFFFFFFFFFFFFFFFFFFFFFFFFFFFFFFFFF","\tb&","\tdup","\tlen","\tdup","\tintc 0 // 32","\t-","\tswap","\tsubstring3","\tapp_global_put","\tretsub","","// setCurrentLiquidityNonDecreasing(oldLiquidity: uint256): uint256","setCurrentLiquidityNonDecreasing:","\tproto 1 1","","\t// Push empty bytes after the frame pointer to reserve space for local variables","\tbytec 0 // 0x","\tdupn 2","","\t// contracts\\BiatecClammPool.algo.ts:700","\t// projectedLiquidity = this.calculateCurrentLiquidity()","\tcallsub calculateCurrentLiquidity","\tframe_bury 0 // projectedLiquidity: unsafe uint256","","\t// *if26_condition","\t// contracts\\BiatecClammPool.algo.ts:701","\t// projectedLiquidity >= oldLiquidity","\tframe_dig 0 // projectedLiquidity: unsafe uint256","\tframe_dig -1 // oldLiquidity: uint256","\tb>=","\tbz *if26_end","","\t// *if26_consequent","\t// contracts\\BiatecClammPool.algo.ts:702","\t// this.Liquidity.value = projectedLiquidity","\tbytec 8 //  \"L\"","\tframe_dig 0 // projectedLiquidity: unsafe uint256","\tdup","\tbitlen","\tintc 3 // 256","\t<=","","\t// projectedLiquidity overflowed 256 bits","\tassert","\tbytec 1 // 0xFFFFFFFFFFFFFFFFFFFFFFFFFFFFFFFFFFFFFFFFFFFFFFFFFFFFFFFFFFFFFFFF","\tb&","\tdup","\tlen","\tdup","\tintc 0 // 32","\t-","\tswap","\tsubstring3","\tapp_global_put","","\t// contracts\\BiatecClammPool.algo.ts:703","\t// return projectedLiquidity;","\tframe_dig 0 // projectedLiquidity: unsafe uint256","\tb *setCurrentLiquidityNonDecreasing*return","","*if26_end:","\t// contracts\\BiatecClammPool.algo.ts:705","\t// liquidityDrop = (oldLiquidity - projectedLiquidity) as uint256","\tframe_dig -1 // oldLiquidity: uint256","\tframe_dig 0 // projectedLiquidity: unsafe uint256","\tb-","\tframe_bury 1 // liquidityDrop: unsafe uint256","","\t// contracts\\BiatecClammPool.algo.ts:706","\t// allowedDrop = this.getLiquidityRoundingAllowance()","\tcallsub getLiquidityRoundingAllowance","\tframe_bury 2 // allowedDrop: unsafe uint256","","\t// contracts\\BiatecClammPool.algo.ts:707","\t// assert(liquidityDrop <= allowedDrop, 'ERR-LIQ-DROP')","\tframe_dig 1 // liquidityDrop: unsafe uint256","\tframe_dig 2 // allowedDrop: unsafe uint256","\tb<=","","\t// ERR-LIQ-DROP","\tassert","","\t// contracts\\BiatecClammPool.algo.ts:708","\t// this.Liquidity.val
[...]
","title":"calculateAssetBDepositOnAssetADeposit returns correct results"},{"ancestorTitles":["clamm math helpers"],"duration":5119,"failureDetails":[],"failureMessages":[],"fullName":"clamm math helpers calculateAssetADepositOnAssetBDeposit returns correct results","invocations":1,"location":null,"numPassingAsserts":24,"retryReasons":[],"status":"passed","title":"calculateAssetADepositOnAssetBDeposit returns correct results"}],"endTime":1762612036291,"message":"","name":"C:\\Users\\ludko\\source\\repos\\scholtz\\BiatecCLAMM\\projects\\BiatecCLAMM\\__test__\\clamm\\math.test.ts","startTime":1762611938233,"status":"passed","summary":""},{"assertionResults":[{"ancestorTitles":["BiatecClammPool - calculations"],"duration":13905,"failureDetails":[],"failureMessages":[],"fullName":"BiatecClammPool - calculations calculatePrice returns correct results","invocations":1,"location":null,"numPassingAsserts":60,"retryReasons":[],"status":"passed","title":"calculatePrice returns correct results"},{"ancestorTitles":["BiatecClammPool - calculations"],"duration":13581,"failureDetails":[],"failureMessages":[],"fullName":"BiatecClammPool - calculations calculateAssetBWithdrawOnAssetADeposit returns correct results","invocations":1,"location":null,"numPassingAsserts":60,"retryReasons":[],"status":"passed","title":"calculateAssetBWithdrawOnAssetADeposit returns correct results"},{"ancestorTitles":["BiatecClammPool - calculations"],"duration":26058,"failureDetails":[],"failureMessages":[],"fullName":"BiatecClammPool - calculations calculateAssetAWithdrawOnAssetBDeposit returns correct results","invocations":1,"location":null,"numPassingAsserts":126,"retryReasons":[],"status":"passed","title":"calculateAssetAWithdrawOnAssetBDeposit returns correct results"},{"ancestorTitles":["BiatecClammPool - calculations"],"duration":22028,"failureDetails":[],"failureMessages":[],"fullName":"BiatecClammPool - calculations calculateLiquidity returns correct results","invocations":1,"location":null,"numPassingAsserts":105,"retryReasons":[],"status":"passed","title":"calculateLiquidity returns correct results"},{"ancestorTitles":["BiatecClammPool - calculations"],"duration":4794,"failureDetails":[],"failureMessages":[],"fullName":"BiatecClammPool - calculations calculateAssetAWithdrawOnLPDeposit returns correct results","invocations":1,"location":null,"numPassingAsserts":23,"retryReasons":[],"status":"passed","title":"calculateAssetAWithdrawOnLPDeposit returns correct results"},{"ancestorTitles":["BiatecClammPool - calculations"],"duration":4336,"failureDetails":[],"failureMessages":[],"fullName":"BiatecClammPool - calculations calculateAssetBWithdrawOnLPDeposit returns correct results","invocations":1,"location":null,"numPassingAsserts":23,"retryReasons":[],"status":"passed","title":"calculateAssetBWithdrawOnLPDeposit returns correct results"},{"ancestorTitles":["BiatecClammPool - calculations"],"duration":4857,"failureDetails":[],"failureMessages":[],"fullName":"BiatecClammPool - calculations calculateAssetBDepositOnAssetADeposit returns correct results","invocations":1,"location":null,"numPassingAsserts":24,"retryReasons":[],"status":"passed","title":"calculateAssetBDepositOnAssetADeposit returns correct results"},{"ancestorTitles":["BiatecClammPool - calculations"],"duration":4234,"failureDetails":[],"failureMessages":[],"fullName":"BiatecClammPool - calculations calculateAssetADepositOnAssetBDeposit returns correct results","invocations":1,"location":null,"numPassingAsserts":25,"retryReasons":[],"status":"passed","title":"calculateAssetADepositOnAssetBDeposit returns correct results"}],"endTime":1762612130340,"message":"","name":"C:\\Users\\ludko\\source\\repos\\scholtz\\BiatecCLAMM\\projects\\BiatecCLAMM\\__test__\\pool\\calculations.test.ts","startTime":1762612036377,"status":"passed","summary":""},{"assertionResults":[{"ancestorTitles":["clamm liquidity flows"],"duration":17061,"failureDetails":[],"failureMessages":[],"fullName":"clamm liquidity flows addLiquidity issues expected LP tokens","invocations":1,"location":null,"numPassingAsserts":80,"retryReasons":[],"status":"passed","title":"addLiquidity issues expected LP tokens"},{"ancestorTitles":["clamm liquidity flows"],"duration":4807,"failureDetails":[],"failureMessages":[],"fullName":"clamm liquidity flows addLiquidity supports multiple rounds","invocations":1,"location":null,"numPassingAsserts":20,"retryReasons":[],"status":"passed","title":"addLiquidity supports multiple rounds"},{"ancestorTitles":["clamm liquidity flows"],"duration":4918,"failureDetails":[],"failureMessages":[],"fullName":"clamm liquidity flows swap from asset A to asset B matches expectations","invocations":1,"location":null,"numPassingAsserts":19,"retryReasons":[],"status":"passed","title":"swap from asset A to asset B matches expectations"},{"ancestorTitles":["clamm liquidity flows"],"duration":5103,"failureDetails":[],"failureMessages":[],"fullName":"clamm liquidity flows swap from asset B to asset A matches expectations","invocations":1,"location":null,"numPassingAsserts":19,"retryReasons":[],"status":"passed","title":"swap from asset B to asset A matches expectations"},{"ancestorTitles":["clamm liquidity flows"],"duration":17323,"failureDetails":[],"failureMessages":[],"fullName":"clamm liquidity flows removeLiquidity returns proportional LP share","invocations":1,"location":null,"numPassingAsserts":80,"retryReasons":[],"status":"passed","title":"removeLiquidity returns proportional LP share"}],"endTime":1762612181530,"message":"","name":"C:\\Users\\ludko\\source\\repos\\scholtz\\BiatecCLAMM\\projects\\BiatecCLAMM\\__test__\\clamm\\liquidity.test.ts","startTime":1762612130447,"status":"passed","summary":""},{"assertionResults":[{"ancestorTitles":["clamm"],"duration":5027,"failureDetails":[],"failureMessages":[],"fullName":"clamm npm: clammCreateSender()","invocations":1,"location":null,"numPassingAsserts":22,"retryReasons":[],"status":"passed","title":"npm: clammCreateSender()"},{"ancestorTitles":["clamm"],"duration":4607,"failureDetails":[],"failureMessages":[],"fullName":"clamm npm: getPrice()","invocations":1,"location":null,"numPassingAsserts":24,"retryReasons":[],"status":"passed","title":"npm: getPrice()"},{"ancestorTitles":["clamm"],"duration":5361,"failureDetails":[],"failureMessages":[],"fullName":"clamm npm: clammAddLiquiditySender()","invocations":1,"location":null,"numPassingAsserts":25,"retryReasons":[],"status":"passed","title":"npm: clammAddLiquiditySender()"},{"ancestorTitles":["clamm"],"duration":5652,"failureDetails":[],"failureMessages":[],"fullName":"clamm npm: clammSwapSender()","invocations":1,"location":null,"numPassingAsserts":25,"retryReasons":[],"status":"passed","title":"npm: clammSwapSender()"},{"ancestorTitles":["clamm"],"duration":5329,"failureDetails":[],"failureMessages":[],"fullName":"clamm npm: clammRemoveLiquiditySender()","invocations":1,"location":null,"numPassingAsserts":27,"retryReasons":[],"status":"passed","title":"npm: clammRemoveLiquiditySender()"},{"ancestorTitles":["clamm"],"duration":4697,"failureDetails":[],"failureMessages":[],"fullName":"clamm npm: getPools()","invocations":1,"location":null,"numPassingAsserts":22,"retryReasons":[],"status":"passed","title":"npm: getPools()"},{"ancestorTitles":["clamm"],"duration":5007,"failureDetails":[],"failureMessages":[],"fullName":"clamm npm: algo2asa clammSwapSender()","invocations":1,"location":null,"numPassingAsserts":25,"retryReasons":[],"status":"passed","title":"npm: algo2asa clammSwapSender()"},{"ancestorTitles":["clamm"],"duration":5359,"failureDetails":[],"failureMessages":[],"fullName":"clamm npm: asa2algo clammSwapSender()","invocations":1,"location":null,"numPassingAsserts":25,"retryReasons":[],"status":"passed","title":"npm: asa2algo clammSwapSender()"},{"ancestorTitles":["clamm"],"duration":5591,"failureDetails":[],"failureMessages":[],"fullName":"clamm npm: algo2asa A clammAddLiquiditySender()","invocations":1,"location":null,"numPassingAsserts":28,"retryReasons":[],"status":"passed","title":"npm: algo2asa A clammAddLiquiditySender()"}],"endTime":1762612230389,"message":"","name":"C:\\Users\\ludko\\source\\repos\\scholtz\\BiatecCLAMM\\projects\\BiatecCLAMM\\__test__\\Npm.test.ts","startTime":1762612181576,"status":"passed","summary":""},{"assertionResults":[{"ancestorTitles":["BiatecClammPool - liquidity"],"duration":16326,"failureDetails":[],"failureMessages":[],"fullName":"BiatecClammPool - liquidity addLiquidity1 - I can add liquidity to the pool","invocations":1,"location":null,"numPassingAsserts":84,"retryReasons":[],"status":"passed","title":"addLiquidity1 - I can add liquidity to the pool"},{"ancestorTitles":["BiatecClammPool - liquidity"],"duration":5333,"failureDetails":[],"failureMessages":[],"fullName":"BiatecClammPool - liquidity addLiquidity2 - I can add liquidity to the pool second step","invocations":1,"location":null,"numPassingAsserts":22,"retryReasons":[],"status":"passed","title":"addLiquidity2 - I can add liquidity to the pool second step"},{"ancestorTitles":["BiatecClammPool - liquidity"],"duration":18849,"failureDetails":[],"failureMessages":[],"fullName":"BiatecClammPool - liquidity removeLiquidity - I can add and remove liquidity from the pool","invocations":1,"location":null,"numPassingAsserts":88,"retryReasons":[],"status":"passed","title":"removeLiquidity - I can add and remove liquidity from the pool"},{"ancestorTitles":["BiatecClammPool - liquidity"],"duration":7877,"failureDetails":[],"failureMessages":[],"fullName":"BiatecClammPool - liquidity new liquidity provider does not scoop pre-existing fees","invocations":1,"location":null,"numPassingAsserts":29,"retryReasons":[],"status":"passed","title":"new liquidity provider does not scoop pre-existing fees"}],"endTime":1762612278957,"message":"","name":"C:\\Users\\ludko\\source\\repos\\scholtz\\BiatecCLAMM\\projects\\BiatecCLAMM\\__test__\\pool\\liquidity.test.ts","startTime":1762612230455,"status":"passed","summary":""},{"assertionResults":[{"ancestorTitles":["BiatecClammPool - fees"],"duration":5343,"failureDetails":[],"failureMessages":[],"fullName":"BiatecClammPool - fees LP fees 10%, Biatec fee - 0% - I can add, swap and remove liquidity from the pool","invocations":1,"location":null,"numPassingAsserts":27,"retryReasons":[],"status":"passed","title":"LP fees 10%, Biatec fee - 0% - I can add, swap and remove liquidity from the pool"},{"ancestorTitles":["BiatecClammPool - fees"],"duration":5392,"failureDetails":[],"failureMessages":[],"fullName":"BiatecClammPool - fees LP fees 10%, Biatec fee - 50% - I can add, swap and remove liquidity from the pool","invocations":1,"location":null,"numPassingAsserts":27,"retryReasons":[],"status":"passed","title":"LP fees 10%, Biatec fee - 50% - I can add, swap and remove liquidity from the pool"},{"ancestorTitles":["BiatecClammPool - fees"],"duration":5747,"failureDetails":[],"failureMessages":[],"fullName":"BiatecClammPool - fees ASASR - LP fees 10%, Biatec fee - 0% - I can add, swap, add, swap, and remove all liquidity from the pool","invocations":1,"location":null,"numPassingAsserts":37,"retryReasons":[],"status":"passed","title":"ASASR - LP fees 10%, Biatec fee - 0% - I can add, swap, add, swap, and remove all liquidity from the pool"},{"ancestorTitles":["BiatecClammPool - fees"],"duration":5749,"failureDetails":[],"failureMessages":[],"fullName":"BiatecClammPool - fees I can withdraw lp fees from biatec account","invocations":1,"location":null,"numPassingAsserts":34,"retryReasons":[],"status":"passed","title":"I can withdraw lp fees from biatec account"},{"ancestorTitles":["BiatecClammPool - fees"],"duration":9210,"failureDetails":[],"failureMessages":[],"fullName":"BiatecClammPool - fees If someone deposits the asset a or asset b to the pool, we can distribute these assets to lp holders","invocations":1,"location":null,"numPassingAsserts":52,"retryReasons":[],"status":"passed","title":"If someone deposits the asset a or asset b to the pool, we can distribute these assets to lp holders"}],"endTime":1762612310590,"message":"","name":"C:\\Users\\ludko\\source\\repos\\scholtz\\BiatecCLAMM\\projects\\BiatecCLAMM\\__test__\\pool\\fees.test.ts","startTime":1762612279026,"status":"passed","summary":""},{"assertionResults":[{"ancestorTitles":["BiatecClammPool - extreme"],"duration":5550,"failureDetails":[],"failureMessages":[],"fullName":"BiatecClammPool - extreme Extreme-SamePriceLowTop - ASASR - I can handle the trade as an order book item","invocations":1,"location":null,"numPassingAsserts":36,"retryReasons":[],"status":"passed","title":"Extreme-SamePriceLowTop - ASASR - I can handle the trade as an order book item"},{"ancestorTitles":["BiatecClammPool - extreme"],"duration":5398,"failureDetails":[],"failureMessages":[],"fullName":"BiatecClammPool - extreme Extreme-SmallMinMaxPriceDiff - ASASR 0.9999 - 1.0001, LP fee 1BPS, Biatec fee 10%","invocations":1,"location":null,"numPassingAsserts":36,"retryReasons":[],"status":"passed","title":"Extreme-SmallMinMaxPriceDiff - ASASR 0.9999 - 1.0001, LP fee 1BPS, Biatec fee 10%"},{"ancestorTitles":["BiatecClammPool - extreme"],"duration":10286,"failureDetails":[],"failureMessages":[],"fullName":"BiatecClammPool - extreme Extreme-ExtremePrice-Min - ASASR 0.000000001 - 1, LP fee 1BPS, Biatec fee 10%","invocations":1,"location":null,"numPassingAsserts":72,"retryReasons":[],"status":"passed","title":"Extreme-ExtremePrice-Min - ASASR 0.000000001 - 1, LP fee 1BPS, Biatec fee 10%"},{"ancestorTitles":["BiatecClammPool - extreme"],"duration":5820,"failureDetails":[],"failureMessages":[],"fullName":"BiatecClammPool - extreme Extreme-No-Fees - ASASR EURUSD - 0.9 - 1.1, LP fee 0, Biatec fee 0%","invocations":1,"location":null,"numPassingAsserts":34,"retryReasons":[],"status":"passed","title":"Extreme-No-Fees - ASASR EURUSD - 0.9 - 1.1, LP fee 0, Biatec fee 0%"}],"endTime":1762612337822,"message":"","name":"C:\\Users\\ludko\\source\\repos\\scholtz\\BiatecCLAMM\\projects\\BiatecCLAMM\\__test__\\pool\\extreme.test.ts","startTime":1762612310642,"status":"passed","summary":""},{"assertionResults":[{"ancestorTitles":["BiatecClammPool - deployment"],"duration":4915,"failureDetails":[],"failureMessages":[],"fullName":"BiatecClammPool - deployment I can deploy the concentrated liquidity pool","invocations":1,"location":null,"numPassingAsserts":21,"retryReasons":[],"status":"passed","title":"I can deploy the concentrated liquidity pool"},{"ancestorTitles":["BiatecClammPool - deployment"],"duration":4868,"failureDetails":[],"failureMessages":[],"fullName":"BiatecClammPool - deployment CantMixPP: I can not register to pool provider amm pool not created by pool provider","invocations":1,"location":null,"numPassingAsserts":23,"retryReasons":[],"status":"passed","title":"CantMixPP: I can not register to pool provider amm pool not created by pool provider"},{"ancestorTitles":["BiatecClammPool - deployment"],"duration":4601,"failureDetails":[],"failureMessages":[],"fullName":"BiatecClammPool - deployment deployPool rejects config app ids not registered with the provider","invocations":1,"location":null,"numPassingAsserts":20,"retryReasons":[],"status":"passed","title":"deployPool rejects config app ids not registered with the provider"}],"endTime":1762612352361,"message":"","name":"C:\\Users\\ludko\\source\\repos\\scholtz\\BiatecCLAMM\\projects\\BiatecCLAMM\\__test__\\pool\\deployment.test.ts","startTime":1762612337868,"status":"passed","summary":""},{"assertionResults":[{"ancestorTitles":["BiatecClammPool - misc"],"duration":4197,"failureDetails":[],"failureMessages":[],"fullName":"BiatecClammPool - misc I can make the pool protect algorand network","invocations":1,"location":null,"numPassingAsserts":20,"retryReasons":[],"status":"passed","title":"I can make the pool protect algorand network"},{"ancestorTitles":["BiatecClammPool - misc"],"duration":3963,"failureDetails":[],"failureMessages":[],"fullName":"BiatecClammPool - misc I can have algo vs asa in the pool","invocations":1,"location":null,"numPassingAsserts":27,"retryReasons":[],"status":"passed","title":"I can have algo vs asa in the pool"},{"ancestorTitles":["BiatecClammPool - misc"],"duration":3752,"failureDetails":[],"failureMessages":[],"fullName":"BiatecClammPool - misc npm method getPools() works","invocations":1,"location":null,"numPassingAsserts":22,"retryReasons":[],"status":"passed","title":"npm method getPools() works"}],"endTime":1762612364412,"message":"","name":"C:\\Users\\ludko\\source\\repos\\scholtz\\BiatecCLAMM\\projects\\BiatecCLAMM\\__test__\\pool\\misc.test.ts","startTime":1762612352384,"status":"passed","summary":""},{"assertionResults":[{"ancestorTitles":["clamm deployment"],"duration":4220,"failureDetails":[],"failureMessages":[],"fullName":"clamm deployment I can deploy the concentrated liquidity pool","invocations":1,"location":null,"numPassingAsserts":20,"retryReasons":[],"status":"passed","title":"I can deploy the concentrated liquidity pool"},{"ancestorTitles":["clamm deployment"],"duration":4827,"failureDetails":[],"failureMessages":[],"fullName":"clamm deployment CantMixPP: I cannot register a fake pool with the pool provider","invocations":1,"location":null,"numPassingAsserts":20,"retryReasons":[],"status":"passed","title":"CantMixPP: I cannot register a fake pool with the pool provider"}],"endTime":1762612375153,"message":"","name":"C:\\Users\\ludko\\source\\repos\\scholtz\\BiatecCLAMM\\projects\\BiatecCLAMM\\__test__\\clamm\\deployment.test.ts","startTime":1762612364431,"status":"passed","summary":""},{"assertionResults":[{"ancestorTitles":["BiatecIdentity"],"duration":4654,"failureDetails":[],"failureMessages":[],"fullName":"BiatecIdentity I can preregister","invocations":1,"location":null,"numPassingAsserts":20,"retryReasons":[],"status":"passed","title":"I can preregister"},{"ancestorTitles":["BiatecIdentity"],"duration":4718,"failureDetails":[],"failureMessages":[],"fullName":"BiatecIdentity I can setInfo","invocations":1,"location":null,"numPassingAsserts":21,"retryReasons":[],"status":"passed","title":"I can setInfo"}],"endTime":1762612385661,"message":"","name":"C:\\Users\\ludko\\source\\repos\\scholtz\\BiatecCLAMM\\projects\\BiatecCLAMM\\__test__\\BiatecIdentity.test.ts","startTime":1762612375170,"status":"passed","summary":""},{"assertionResults":[{"ancestorTitles":["BiatecClammPool - swaps"],"duration":4761,"failureDetails":[],"failureMessages":[],"fullName":"BiatecClammPool - swaps swapAtoB - I can add liquidity to the pool and swap from A token to B token","invocations":1,"location":null,"numPassingAsserts":22,"retryReasons":[],"status":"passed","title":"swapAtoB - I can add liquidity to the pool and swap from A token to B token"},{"ancestorTitles":["BiatecClammPool - swaps"],"duration":4605,"failureDetails":[],"failureMessages":[],"fullName":"BiatecClammPool - swaps swapBtoA - I can add liquidity to the pool and swap from B token to A token","invocations":1,"location":null,"numPassingAsserts":22,"retryReasons":[],"status":"passed","title":"swapBtoA - I can add liquidity to the pool and swap from B token to A token"}],"endTime":1762612395146,"message":"","name":"C:\\Users\\ludko\\source\\repos\\scholtz\\BiatecCLAMM\\projects\\BiatecCLAMM\\__test__\\pool\\swaps.test.ts","startTime":1762612385673,"status":"passed","summary":""},{"assertionResults":[{"ancestorTitles":["BiatecPoolProvider recentPools ring buffer"],"duration":5418,"failureDetails":[],"failureMessages":[],"fullName":"BiatecPoolProvider recentPools ring buffer stores the last 10 deployed pool app ids in recentPools1..10","invocations":1,"location":null,"numPassingAsserts":29,"retryReasons":[],"status":"passed","title":"stores the last 10 deployed pool app ids in recentPools1..10"}],"endTime":1762612400694,"message":"","name":"C:\\Users\\ludko\\source\\repos\\scholtz\\BiatecCLAMM\\projects\\BiatecCLAMM\\__test__\\pool\\recentPools.test.ts","startTime":1762612395163,"status":"passed","summary":""}],"wasInterrupted":false}
